<?xml version="1.0" encoding="UTF-8"?>
<testsuite xmlns:xsi="http://www.w3.org/2001/XMLSchema-instance" xsi:noNamespaceSchemaLocation="https://maven.apache.org/surefire/maven-failsafe-plugin/xsd/failsafe-test-report-3.0.xsd" version="3.0" name="starter.CucumberTestSuite" time="23.967" tests="1" errors="0" skipped="0" failures="0">
  <properties>
[...]
</properties>
  <testcase name="As a user i want to be able to order pulsa product" classname="order" time="17.503">
    <system-out><![CDATA[20:26:48.548 [main] DEBUG net.thucydides.core.guice.Injectors - Created injector for module net.thucydides.core.guice.ThucydidesModule
20:26:48.813 [main] DEBUG io.cucumber.core.plugin.SerenityReporter - Running feature from file:///C:/Users/TrisetioPutra/Documents/serenity_sauce/serenity-sepulsa/src/test/resources/features/Order.feature
20:26:48.976 [main] DEBUG net.thucydides.core.guice.Injectors - Created injector for module net.thucydides.core.guice.webdriver.WebDriverModule
20:26:49.010 [main] INFO  - 

-------------------------------------------------------------------------------------
     _______. _______ .______       _______ .__   __.  __  .___________.____    ____ 
    /       ||   ____||   _  \     |   ____||  \ |  | |  | |           |\   \  /   / 
   |   (----`|  |__   |  |_)  |    |  |__   |   \|  | |  | `---|  |----` \   \/   /  
    \   \    |   __|  |      /     |   __|  |  . `  | |  |     |  |       \_    _/   
.----)   |   |  |____ |  |\  \----.|  |____ |  |\   | |  |     |  |         |  |     
|_______/    |_______|| _| `._____||_______||__| \__| |__|     |__|         |__|    
                                                                                     
 News and tutorials at http://www.serenity-bdd.info                                  
 Documentation at https://wakaleo.gitbooks.io/the-serenity-book/content/             
 Join the Serenity Community on Gitter: https://gitter.im/serenity-bdd/serenity-core 
 Serenity BDD Support and Training at http://serenity-bdd.info/#/trainingandsupport  
-------------------------------------------------------------------------------------

20:26:49.013 [main] DEBUG net.thucydides.core.steps.StepEventBus - Test suite started for story net.thucydides.core.model.Story@cc4b76a8
20:26:49.015 [main] INFO  - Test Suite Started: Order
20:26:49.028 [main] DEBUG io.cucumber.core.plugin.SerenityReporter - Running feature from file:///C:/Users/TrisetioPutra/Documents/serenity_sauce/serenity-sepulsa/src/test/resources/features/Order.feature
20:26:49.031 [main] DEBUG net.thucydides.core.steps.StepEventBus - Test suite started for story net.thucydides.core.model.Story@cc4b76a8
20:26:49.031 [main] INFO  - Test Suite Started: Order

@order
Scenario Outline: As a user i want to be able to order pulsa product &amp#27;[90m# src/test/resources/features/Order.feature:17&amp#27;[0m
20:26:49.106 [main] DEBUG io.cucumber.core.plugin.SerenityReporter - Running feature from file:///C:/Users/TrisetioPutra/Documents/serenity_sauce/serenity-sepulsa/src/test/resources/features/Order.feature
20:26:49.208 [main] INFO  - 
  _____   ___   ___   _____     ___   _____     _     ___   _____   ___   ___  
 |_   _| | __| / __| |_   _|   / __| |_   _|   /_\   | _ \ |_   _| | __| |   \ 
   | |   | _|  \__ \   | |     \__ \   | |    / _ \  |   /   | |   | _|  | |) |
   |_|   |___| |___/   |_|     |___/   |_|   /_/ \_\ |_|_\   |_|   |___| |___/ 

As a user i want to be able to order pulsa product(order;as-a-user-i-want-to-be-able-to-order-pulsa-product)
--------------------------------------------------------------------------------
20:26:49.265 [main] DEBUG net.thucydides.core.requirements.model.cucumber.CucumberParser - Loading feature C:\Users\TrisetioPutra\Documents\serenity_sauce\serenity-sepulsa\src\test\resources\features\Login.feature
20:26:49.273 [main] DEBUG net.thucydides.core.requirements.model.cucumber.CucumberParser - Loading feature C:\Users\TrisetioPutra\Documents\serenity_sauce\serenity-sepulsa\src\test\resources\features\Order.feature
20:26:49.289 [main] DEBUG net.thucydides.core.requirements.model.cucumber.CucumberParser - Loading feature C:\Users\TrisetioPutra\Documents\serenity_sauce\serenity-sepulsa\src\test\resources\features\Product.feature
20:26:49.934 [main] INFO net.serenitybdd.core.webdriver.driverproviders.DriverProvider - Using WebDriverManager configuration for chrome
20:26:50.252 [main] DEBUG io.github.bonigarcia.wdm.cache.ResolutionCache - Resolution chrome=111 in cache (valid until 20:30:25 04/04/2023 WIB)
20:26:50.253 [main] DEBUG io.github.bonigarcia.wdm.cache.ResolutionCache - Resolution chrome111=111.0.5563.64 in cache (valid until 19:30:25 05/04/2023 WIB)
20:26:50.253 [main] INFO io.github.bonigarcia.wdm.WebDriverManager - Using chromedriver 111.0.5563.64 (resolved driver for Chrome 111)
20:26:50.267 [main] DEBUG io.github.bonigarcia.wdm.WebDriverManager - Driver chromedriver 111.0.5563.64 found in cache
20:26:50.268 [main] INFO io.github.bonigarcia.wdm.WebDriverManager - Exporting webdriver.chrome.driver as C:\Users\TrisetioPutra\.cache\selenium\chromedriver\win32\111.0.5563.64\chromedriver.exe
20:26:50.330 [main] INFO net.serenitybdd.core.webdriver.driverproviders.ChromeDriverProvider - Starting Chrome driver instance with capabilities:
20:26:50.332 [main] INFO net.serenitybdd.core.webdriver.driverproviders.ChromeDriverProvider - Capabilities {acceptInsecureCerts: true, browserName: chrome, goog:chromeOptions: {args: [remote-allow-origins=*, test-type, no-sandbox, ignore-certificate-errors, --window-size=1000,800, incognito, disable-infobars, disable-gpu, disable-default-apps, disable-popup-blocking, remote-allow-origins=*, test-type, no-sandbox, ignore-certificate-errors, --window-size=1000,800, incognito, disable-infobars, disable-gpu, disable-default-apps, disable-popup-blocking, remote-allow-origins=*], extensions: []}}
20:26:50.414 [main] DEBUG io.netty.util.internal.logging.InternalLoggerFactory - Using SLF4J as the default logging framework
20:26:50.416 [main] DEBUG io.netty.util.ResourceLeakDetector - -Dio.netty.leakDetection.level: simple
20:26:50.417 [main] DEBUG io.netty.util.ResourceLeakDetector - -Dio.netty.leakDetection.targetRecords: 4
20:26:50.419 [main] DEBUG io.netty.util.ResourceLeakDetectorFactory - Loaded default ResourceLeakDetector: io.netty.util.ResourceLeakDetector@6ce15112
20:26:50.434 [main] DEBUG io.netty.util.internal.PlatformDependent0 - -Dio.netty.noUnsafe: false
20:26:50.435 [main] DEBUG io.netty.util.internal.PlatformDependent0 - Java version: 19
20:26:50.435 [main] DEBUG io.netty.util.internal.PlatformDependent0 - sun.misc.Unsafe.theUnsafe: available
20:26:50.436 [main] DEBUG io.netty.util.internal.PlatformDependent0 - sun.misc.Unsafe.copyMemory: available
20:26:50.436 [main] DEBUG io.netty.util.internal.PlatformDependent0 - sun.misc.Unsafe.storeFence: available
20:26:50.437 [main] DEBUG io.netty.util.internal.PlatformDependent0 - java.nio.Buffer.address: available
20:26:50.437 [main] DEBUG io.netty.util.internal.PlatformDependent0 - direct buffer constructor: unavailable: Reflective setAccessible(true) disabled
20:26:50.438 [main] DEBUG io.netty.util.internal.PlatformDependent0 - java.nio.Bits.unaligned: available, true
20:26:50.439 [main] DEBUG io.netty.util.internal.PlatformDependent0 - jdk.internal.misc.Unsafe.allocateUninitializedArray(int): unavailable: class io.netty.util.internal.PlatformDependent0$7 cannot access class jdk.internal.misc.Unsafe (in module java.base) because module java.base does not export jdk.internal.misc to unnamed module @c333c60
20:26:50.440 [main] DEBUG io.netty.util.internal.PlatformDependent0 - java.nio.DirectByteBuffer.<init>(long, int): unavailable
20:26:50.440 [main] DEBUG io.netty.util.internal.PlatformDependent - sun.misc.Unsafe: available
20:26:50.442 [main] DEBUG io.netty.util.internal.PlatformDependent - maxDirectMemory: 3720347648 bytes (maybe)
20:26:50.442 [main] DEBUG io.netty.util.internal.PlatformDependent - -Dio.netty.tmpdir: C:\Users\TRISET~1\AppData\Local\Temp (java.io.tmpdir)
20:26:50.442 [main] DEBUG io.netty.util.internal.PlatformDependent - -Dio.netty.bitMode: 64 (sun.arch.data.model)
20:26:50.442 [main] DEBUG io.netty.util.internal.PlatformDependent - Platform: Windows
20:26:50.443 [main] DEBUG io.netty.util.internal.PlatformDependent - -Dio.netty.maxDirectMemory: -1 bytes
20:26:50.443 [main] DEBUG io.netty.util.internal.PlatformDependent - -Dio.netty.uninitializedArrayAllocationThreshold: -1
20:26:50.444 [main] DEBUG io.netty.util.internal.CleanerJava9 - java.nio.ByteBuffer.cleaner(): available
20:26:50.444 [main] DEBUG io.netty.util.internal.PlatformDependent - -Dio.netty.noPreferDirect: false
20:26:50.450 [main] DEBUG io.netty.util.internal.PlatformDependent - org.jctools-core.MpscChunkedArrayQueue: available
20:26:50.466 [main] DEBUG io.netty.util.internal.InternalThreadLocalMap - -Dio.netty.threadLocalMap.stringBuilder.initialSize: 1024
20:26:50.466 [main] DEBUG io.netty.util.internal.InternalThreadLocalMap - -Dio.netty.threadLocalMap.stringBuilder.maxSize: 4096
20:26:50.513 [main] DEBUG io.netty.handler.ssl.JdkSslContext - Default protocols (JDK): [TLSv1.3, TLSv1.2] 
20:26:50.513 [main] DEBUG io.netty.handler.ssl.JdkSslContext - Default cipher suites (JDK): [TLS_ECDHE_ECDSA_WITH_AES_256_GCM_SHA384, TLS_ECDHE_ECDSA_WITH_AES_128_GCM_SHA256, TLS_ECDHE_RSA_WITH_AES_128_GCM_SHA256, TLS_ECDHE_RSA_WITH_AES_256_GCM_SHA384, TLS_ECDHE_RSA_WITH_AES_128_CBC_SHA, TLS_ECDHE_RSA_WITH_AES_256_CBC_SHA, TLS_RSA_WITH_AES_128_GCM_SHA256, TLS_RSA_WITH_AES_128_CBC_SHA, TLS_RSA_WITH_AES_256_CBC_SHA, TLS_AES_128_GCM_SHA256, TLS_AES_256_GCM_SHA384]
20:26:50.535 [main] DEBUG io.netty.channel.MultithreadEventLoopGroup - -Dio.netty.eventLoopThreads: 32
20:26:50.543 [main] DEBUG io.netty.channel.nio.NioEventLoop - -Dio.netty.noKeySetOptimization: false
20:26:50.543 [main] DEBUG io.netty.channel.nio.NioEventLoop - -Dio.netty.selectorAutoRebuildThreshold: 512
20:26:50.619 [main] DEBUG io.netty.buffer.PooledByteBufAllocator - -Dio.netty.allocator.numHeapArenas: 32
20:26:50.619 [main] DEBUG io.netty.buffer.PooledByteBufAllocator - -Dio.netty.allocator.numDirectArenas: 32
20:26:50.619 [main] DEBUG io.netty.buffer.PooledByteBufAllocator - -Dio.netty.allocator.pageSize: 8192
20:26:50.619 [main] DEBUG io.netty.buffer.PooledByteBufAllocator - -Dio.netty.allocator.maxOrder: 9
20:26:50.619 [main] DEBUG io.netty.buffer.PooledByteBufAllocator - -Dio.netty.allocator.chunkSize: 4194304
20:26:50.620 [main] DEBUG io.netty.buffer.PooledByteBufAllocator - -Dio.netty.allocator.smallCacheSize: 256
20:26:50.620 [main] DEBUG io.netty.buffer.PooledByteBufAllocator - -Dio.netty.allocator.normalCacheSize: 64
20:26:50.620 [main] DEBUG io.netty.buffer.PooledByteBufAllocator - -Dio.netty.allocator.maxCachedBufferCapacity: 32768
20:26:50.620 [main] DEBUG io.netty.buffer.PooledByteBufAllocator - -Dio.netty.allocator.cacheTrimInterval: 8192
20:26:50.620 [main] DEBUG io.netty.buffer.PooledByteBufAllocator - -Dio.netty.allocator.cacheTrimIntervalMillis: 0
20:26:50.620 [main] DEBUG io.netty.buffer.PooledByteBufAllocator - -Dio.netty.allocator.useCacheForAllThreads: false
20:26:50.620 [main] DEBUG io.netty.buffer.PooledByteBufAllocator - -Dio.netty.allocator.maxCachedByteBuffersPerChunk: 1023
20:26:50.631 [main] DEBUG io.netty.buffer.ByteBufUtil - -Dio.netty.allocator.type: pooled
20:26:50.631 [main] DEBUG io.netty.buffer.ByteBufUtil - -Dio.netty.threadLocalDirectBufferSize: 0
20:26:50.631 [main] DEBUG io.netty.buffer.ByteBufUtil - -Dio.netty.maxThreadLocalCharBufferSize: 16384
20:26:50.868 [Forwarding newSession on session null to remote] DEBUG io.netty.channel.DefaultChannelId - -Dio.netty.processId: 63580 (auto-detected)
20:26:50.869 [Forwarding newSession on session null to remote] DEBUG io.netty.util.NetUtil - -Djava.net.preferIPv4Stack: false
20:26:50.870 [Forwarding newSession on session null to remote] DEBUG io.netty.util.NetUtil - -Djava.net.preferIPv6Addresses: false
20:26:50.878 [Forwarding newSession on session null to remote] DEBUG io.netty.util.NetUtilInitializations - Loopback interface: lo (Software Loopback Interface 1, 127.0.0.1)
20:26:50.879 [Forwarding newSession on session null to remote] DEBUG io.netty.util.NetUtil - Failed to get SOMAXCONN from sysctl and file \proc\sys\net\core\somaxconn. Default: 200
20:26:50.892 [Forwarding newSession on session null to remote] DEBUG io.netty.channel.DefaultChannelId - -Dio.netty.machineId: 14:5a:fc:ff:fe:17:99:b5 (auto-detected)
20:26:50.930 [AsyncHttpClient-1-2] DEBUG io.netty.buffer.AbstractByteBuf - -Dio.netty.buffer.checkAccessible: true
20:26:50.930 [AsyncHttpClient-1-2] DEBUG io.netty.buffer.AbstractByteBuf - -Dio.netty.buffer.checkBounds: true
20:26:50.930 [AsyncHttpClient-1-2] DEBUG io.netty.util.ResourceLeakDetectorFactory - Loaded default ResourceLeakDetector: io.netty.util.ResourceLeakDetector@2f278a6c
20:26:50.939 [AsyncHttpClient-1-2] DEBUG org.asynchttpclient.netty.channel.NettyConnectListener - Using new Channel '[id: 0xff951329, L:/127.0.0.1:58522 - R:localhost/127.0.0.1:28047]' for 'POST' to '/session'
20:26:50.952 [AsyncHttpClient-1-2] DEBUG io.netty.util.Recycler - -Dio.netty.recycler.maxCapacityPerThread: 4096
20:26:50.952 [AsyncHttpClient-1-2] DEBUG io.netty.util.Recycler - -Dio.netty.recycler.ratio: 8
20:26:50.952 [AsyncHttpClient-1-2] DEBUG io.netty.util.Recycler - -Dio.netty.recycler.chunkSize: 32
20:26:50.952 [AsyncHttpClient-1-2] DEBUG io.netty.util.Recycler - -Dio.netty.recycler.blocking: false
20:26:51.532 [AsyncHttpClient-1-2] DEBUG io.netty.handler.codec.compression.Brotli - brotli4j not in the classpath; Brotli support will be unavailable.
20:26:51.532 [AsyncHttpClient-1-2] DEBUG org.asynchttpclient.netty.handler.HttpHandler - 

Request DefaultHttpRequest(decodeResult: success, version: HTTP/1.1)
POST /session HTTP/1.1
User-Agent: selenium/4.8.1 (java windows)
Content-Length: 1729
Content-Type: application/json; charset=utf-8
host: localhost:28047
accept: */*

Response DefaultHttpResponse(decodeResult: success, version: HTTP/1.1)
HTTP/1.1 200 OK
Content-Length: 862
Content-Type: application/json; charset=utf-8
cache-control: no-cache

20:26:51.537 [AsyncHttpClient-1-2] DEBUG org.asynchttpclient.netty.channel.ChannelManager - Adding key: http://localhost:28047 for channel [id: 0xff951329, L:/127.0.0.1:58522 - R:localhost/127.0.0.1:28047]
20:26:51.559 [AsyncHttpClient-1-1] DEBUG org.asynchttpclient.netty.channel.DefaultChannelPool - Entry count for : http://localhost:28047 : 1
20:26:51.603 [AsyncHttpClient-1-3] DEBUG org.asynchttpclient.netty.channel.NettyConnectListener - Using new Channel '[id: 0xba5c9247, L:/127.0.0.1:58530 - R:localhost/127.0.0.1:58524]' for 'GET' to '/json/version'
20:26:51.608 [AsyncHttpClient-1-3] DEBUG org.asynchttpclient.netty.handler.HttpHandler - 

Request DefaultFullHttpRequest(decodeResult: success, version: HTTP/1.1, content: EmptyByteBufBE)
GET /json/version HTTP/1.1
User-Agent: selenium/4.8.1 (java windows)
host: localhost:58524
accept: */*

Response DefaultHttpResponse(decodeResult: success, version: HTTP/1.1)
HTTP/1.1 200 OK
Content-Security-Policy: frame-ancestors 'none'
Content-Length: 424
Content-Type: application/json; charset=UTF-8

20:26:51.609 [AsyncHttpClient-1-3] DEBUG org.asynchttpclient.netty.channel.ChannelManager - Adding key: http://localhost:58524 for channel [id: 0xba5c9247, L:/127.0.0.1:58530 - R:localhost/127.0.0.1:58524]
20:26:51.623 [main] DEBUG io.netty.util.internal.ThreadLocalRandom - -Dio.netty.initialSeedUniquifier: 0xb2bb811199d564fb
20:26:51.629 [AsyncHttpClient-1-4] DEBUG org.asynchttpclient.netty.channel.NettyConnectListener - Using new Channel '[id: 0xfc1a4d81, L:/127.0.0.1:58531 - R:localhost/127.0.0.1:58524]' for 'GET' to '/devtools/browser/83b2d5cb-e3d9-4239-af44-a706d639314e'
20:26:51.633 [AsyncHttpClient-1-4] DEBUG org.asynchttpclient.netty.handler.WebSocketHandler - 

Request DefaultFullHttpRequest(decodeResult: success, version: HTTP/1.1, content: EmptyByteBufBE)
GET /devtools/browser/83b2d5cb-e3d9-4239-af44-a706d639314e HTTP/1.1
upgrade: websocket
connection: upgrade
sec-websocket-key: gaj8V4OBnKWJNXQQPIiLuw==
sec-websocket-version: 13
origin: http://localhost:58524
host: localhost:58524
accept: */*
user-agent: AHC/2.1

Response DefaultHttpResponse(decodeResult: success, version: HTTP/1.1)
HTTP/1.1 101 WebSocket Protocol Handshake
Upgrade: WebSocket
Connection: Upgrade
Sec-WebSocket-Accept: Jc6PJAY25qPA/lBbA+ku1J5xISA=

20:26:51.729 [Forwarding get on session a409c7c10b080fdf0c38ae745d504916 to remote] DEBUG org.asynchttpclient.netty.request.NettyRequestSender - Using pooled Channel '[id: 0xff951329, L:/127.0.0.1:58522 - R:localhost/127.0.0.1:28047]' for 'POST' to 'http://localhost:28047/session/a409c7c10b080fdf0c38ae745d504916/url'
20:26:51.729 [Forwarding get on session a409c7c10b080fdf0c38ae745d504916 to remote] DEBUG org.asynchttpclient.netty.request.NettyRequestSender - Using open Channel [id: 0xff951329, L:/127.0.0.1:58522 - R:localhost/127.0.0.1:28047] for POST '/session/a409c7c10b080fdf0c38ae745d504916/url'
20:26:52.662 [AsyncHttpClient-1-1] DEBUG org.asynchttpclient.netty.channel.DefaultChannelPool - Entry count for : http://localhost:58524 : 1
20:26:53.139 [AsyncHttpClient-1-2] DEBUG org.asynchttpclient.netty.handler.HttpHandler - 

Request DefaultHttpRequest(decodeResult: success, version: HTTP/1.1)
POST /session/a409c7c10b080fdf0c38ae745d504916/url HTTP/1.1
User-Agent: selenium/4.8.1 (java windows)
Content-Length: 54
Content-Type: application/json; charset=utf-8
host: localhost:28047
accept: */*

Response DefaultHttpResponse(decodeResult: success, version: HTTP/1.1)
HTTP/1.1 200 OK
Content-Length: 14
Content-Type: application/json; charset=utf-8
cache-control: no-cache

20:26:53.140 [AsyncHttpClient-1-2] DEBUG org.asynchttpclient.netty.channel.ChannelManager - Adding key: http://localhost:28047 for channel [id: 0xff951329, L:/127.0.0.1:58522 - R:localhost/127.0.0.1:28047]
20:26:53.152 [Forwarding setTimeout on session a409c7c10b080fdf0c38ae745d504916 to remote] DEBUG org.asynchttpclient.netty.request.NettyRequestSender - Using pooled Channel '[id: 0xff951329, L:/127.0.0.1:58522 - R:localhost/127.0.0.1:28047]' for 'POST' to 'http://localhost:28047/session/a409c7c10b080fdf0c38ae745d504916/timeouts'
20:26:53.153 [Forwarding setTimeout on session a409c7c10b080fdf0c38ae745d504916 to remote] DEBUG org.asynchttpclient.netty.request.NettyRequestSender - Using open Channel [id: 0xff951329, L:/127.0.0.1:58522 - R:localhost/127.0.0.1:28047] for POST '/session/a409c7c10b080fdf0c38ae745d504916/timeouts'
20:26:53.156 [AsyncHttpClient-1-2] DEBUG org.asynchttpclient.netty.handler.HttpHandler - 

Request DefaultHttpRequest(decodeResult: success, version: HTTP/1.1)
POST /session/a409c7c10b080fdf0c38ae745d504916/timeouts HTTP/1.1
User-Agent: selenium/4.8.1 (java windows)
Content-Length: 22
Content-Type: application/json; charset=utf-8
host: localhost:28047
accept: */*

Response DefaultHttpResponse(decodeResult: success, version: HTTP/1.1)
HTTP/1.1 200 OK
Content-Length: 14
Content-Type: application/json; charset=utf-8
cache-control: no-cache

20:26:53.157 [AsyncHttpClient-1-2] DEBUG org.asynchttpclient.netty.channel.ChannelManager - Adding key: http://localhost:28047 for channel [id: 0xff951329, L:/127.0.0.1:58522 - R:localhost/127.0.0.1:28047]
20:26:53.226 [main] DEBUG net.serenitybdd.core.photography.Darkroom - Opening darkroom
20:26:53.228 [Darkroom Processing Line] DEBUG net.serenitybdd.core.photography.DarkroomProcessingLine - Darkroom processing line starting up
20:26:53.247 [Forwarding getAlertText on session a409c7c10b080fdf0c38ae745d504916 to remote] DEBUG org.asynchttpclient.netty.request.NettyRequestSender - Using pooled Channel '[id: 0xff951329, L:/127.0.0.1:58522 - R:localhost/127.0.0.1:28047]' for 'GET' to 'http://localhost:28047/session/a409c7c10b080fdf0c38ae745d504916/alert/text'
20:26:53.247 [Forwarding getAlertText on session a409c7c10b080fdf0c38ae745d504916 to remote] DEBUG org.asynchttpclient.netty.request.NettyRequestSender - Using open Channel [id: 0xff951329, L:/127.0.0.1:58522 - R:localhost/127.0.0.1:28047] for GET '/session/a409c7c10b080fdf0c38ae745d504916/alert/text'
20:26:53.251 [AsyncHttpClient-1-2] DEBUG org.asynchttpclient.netty.handler.HttpHandler - 

Request DefaultFullHttpRequest(decodeResult: success, version: HTTP/1.1, content: EmptyByteBufBE)
GET /session/a409c7c10b080fdf0c38ae745d504916/alert/text HTTP/1.1
User-Agent: selenium/4.8.1 (java windows)
Cache-Control: no-cache
Content-Type: application/json; charset=utf-8
host: localhost:28047
accept: */*

Response DefaultHttpResponse(decodeResult: success, version: HTTP/1.1)
HTTP/1.1 404 Not Found
Content-Length: 816
Content-Type: application/json; charset=utf-8
cache-control: no-cache

20:26:53.251 [AsyncHttpClient-1-2] DEBUG org.asynchttpclient.netty.channel.ChannelManager - Adding key: http://localhost:28047 for channel [id: 0xff951329, L:/127.0.0.1:58522 - R:localhost/127.0.0.1:28047]
20:26:53.260 [Forwarding getCurrentUrl on session a409c7c10b080fdf0c38ae745d504916 to remote] DEBUG org.asynchttpclient.netty.request.NettyRequestSender - Using pooled Channel '[id: 0xff951329, L:/127.0.0.1:58522 - R:localhost/127.0.0.1:28047]' for 'GET' to 'http://localhost:28047/session/a409c7c10b080fdf0c38ae745d504916/url'
20:26:53.260 [Forwarding getCurrentUrl on session a409c7c10b080fdf0c38ae745d504916 to remote] DEBUG org.asynchttpclient.netty.request.NettyRequestSender - Using open Channel [id: 0xff951329, L:/127.0.0.1:58522 - R:localhost/127.0.0.1:28047] for GET '/session/a409c7c10b080fdf0c38ae745d504916/url'
20:26:53.267 [AsyncHttpClient-1-2] DEBUG org.asynchttpclient.netty.handler.HttpHandler - 

Request DefaultFullHttpRequest(decodeResult: success, version: HTTP/1.1, content: EmptyByteBufBE)
GET /session/a409c7c10b080fdf0c38ae745d504916/url HTTP/1.1
User-Agent: selenium/4.8.1 (java windows)
Cache-Control: no-cache
Content-Type: application/json; charset=utf-8
host: localhost:28047
accept: */*

Response DefaultHttpResponse(decodeResult: success, version: HTTP/1.1)
HTTP/1.1 200 OK
Content-Length: 36
Content-Type: application/json; charset=utf-8
cache-control: no-cache

20:26:53.268 [AsyncHttpClient-1-2] DEBUG org.asynchttpclient.netty.channel.ChannelManager - Adding key: http://localhost:28047 for channel [id: 0xff951329, L:/127.0.0.1:58522 - R:localhost/127.0.0.1:28047]
20:26:53.272 [Forwarding screenshot on session a409c7c10b080fdf0c38ae745d504916 to remote] DEBUG org.asynchttpclient.netty.request.NettyRequestSender - Using pooled Channel '[id: 0xff951329, L:/127.0.0.1:58522 - R:localhost/127.0.0.1:28047]' for 'GET' to 'http://localhost:28047/session/a409c7c10b080fdf0c38ae745d504916/screenshot'
20:26:53.272 [Forwarding screenshot on session a409c7c10b080fdf0c38ae745d504916 to remote] DEBUG org.asynchttpclient.netty.request.NettyRequestSender - Using open Channel [id: 0xff951329, L:/127.0.0.1:58522 - R:localhost/127.0.0.1:28047] for GET '/session/a409c7c10b080fdf0c38ae745d504916/screenshot'
20:26:53.515 [AsyncHttpClient-1-2] DEBUG org.asynchttpclient.netty.handler.HttpHandler - 

Request DefaultFullHttpRequest(decodeResult: success, version: HTTP/1.1, content: EmptyByteBufBE)
GET /session/a409c7c10b080fdf0c38ae745d504916/screenshot HTTP/1.1
User-Agent: selenium/4.8.1 (java windows)
Cache-Control: no-cache
Content-Type: application/json; charset=utf-8
host: localhost:28047
accept: */*

Response DefaultHttpResponse(decodeResult: success, version: HTTP/1.1)
HTTP/1.1 200 OK
Content-Length: 651996
Content-Type: application/json; charset=utf-8
cache-control: no-cache

20:26:53.522 [AsyncHttpClient-1-2] DEBUG org.asynchttpclient.netty.channel.ChannelManager - Adding key: http://localhost:28047 for channel [id: 0xff951329, L:/127.0.0.1:58522 - R:localhost/127.0.0.1:28047]
20:26:53.626 [main] DEBUG net.serenitybdd.core.photography.Darkroom - Send negative for processing for target\site\serenity\0b0df75837c09240f31b16ca2105df17a6782e8172b807f013015a769671e3ec.png
20:26:53.626 [Darkroom Processing Line] DEBUG net.serenitybdd.core.photography.DarkroomProcessingLine - Processing screenshot image in /var/screenshots/screenshot-12271676923792183513
20:26:53.627 [Darkroom Processing Line] DEBUG net.serenitybdd.core.photography.DarkroomProcessingLine - Saving screenshot to target\site\serenity\0b0df75837c09240f31b16ca2105df17a6782e8172b807f013015a769671e3ec.png
20:26:53.630 [Forwarding getPageSource on session a409c7c10b080fdf0c38ae745d504916 to remote] DEBUG org.asynchttpclient.netty.request.NettyRequestSender - Using pooled Channel '[id: 0xff951329, L:/127.0.0.1:58522 - R:localhost/127.0.0.1:28047]' for 'POST' to 'http://localhost:28047/session/a409c7c10b080fdf0c38ae745d504916/execute/sync'
20:26:53.630 [Forwarding getPageSource on session a409c7c10b080fdf0c38ae745d504916 to remote] DEBUG org.asynchttpclient.netty.request.NettyRequestSender - Using open Channel [id: 0xff951329, L:/127.0.0.1:58522 - R:localhost/127.0.0.1:28047] for POST '/session/a409c7c10b080fdf0c38ae745d504916/execute/sync'
20:26:53.647 [AsyncHttpClient-1-2] DEBUG org.asynchttpclient.netty.handler.HttpHandler - 

Request DefaultHttpRequest(decodeResult: success, version: HTTP/1.1)
POST /session/a409c7c10b080fdf0c38ae745d504916/execute/sync HTTP/1.1
User-Agent: selenium/4.8.1 (java windows)
Content-Length: 176
Content-Type: application/json; charset=utf-8
host: localhost:28047
accept: */*

Response DefaultHttpResponse(decodeResult: success, version: HTTP/1.1)
HTTP/1.1 200 OK
Content-Length: 182087
Content-Type: application/json; charset=utf-8
cache-control: no-cache

20:26:53.648 [AsyncHttpClient-1-2] DEBUG org.asynchttpclient.netty.channel.ChannelManager - Adding key: http://localhost:28047 for channel [id: 0xff951329, L:/127.0.0.1:58522 - R:localhost/127.0.0.1:28047]
20:26:53.756 [Forwarding getCurrentUrl on session a409c7c10b080fdf0c38ae745d504916 to remote] DEBUG org.asynchttpclient.netty.request.NettyRequestSender - Using pooled Channel '[id: 0xff951329, L:/127.0.0.1:58522 - R:localhost/127.0.0.1:28047]' for 'GET' to 'http://localhost:28047/session/a409c7c10b080fdf0c38ae745d504916/url'
20:26:53.757 [Forwarding getCurrentUrl on session a409c7c10b080fdf0c38ae745d504916 to remote] DEBUG org.asynchttpclient.netty.request.NettyRequestSender - Using open Channel [id: 0xff951329, L:/127.0.0.1:58522 - R:localhost/127.0.0.1:28047] for GET '/session/a409c7c10b080fdf0c38ae745d504916/url'
20:26:53.763 [AsyncHttpClient-1-2] DEBUG org.asynchttpclient.netty.handler.HttpHandler - 

Request DefaultFullHttpRequest(decodeResult: success, version: HTTP/1.1, content: EmptyByteBufBE)
GET /session/a409c7c10b080fdf0c38ae745d504916/url HTTP/1.1
User-Agent: selenium/4.8.1 (java windows)
Cache-Control: no-cache
Content-Type: application/json; charset=utf-8
host: localhost:28047
accept: */*

Response DefaultHttpResponse(decodeResult: success, version: HTTP/1.1)
HTTP/1.1 200 OK
Content-Length: 36
Content-Type: application/json; charset=utf-8
cache-control: no-cache

20:26:53.763 [AsyncHttpClient-1-2] DEBUG org.asynchttpclient.netty.channel.ChannelManager - Adding key: http://localhost:28047 for channel [id: 0xff951329, L:/127.0.0.1:58522 - R:localhost/127.0.0.1:28047]
20:26:53.765 [AsyncHttpClient-1-1] DEBUG org.asynchttpclient.netty.channel.DefaultChannelPool - Entry count for : http://localhost:58524 : 1
20:26:53.765 [AsyncHttpClient-1-1] DEBUG org.asynchttpclient.netty.channel.DefaultChannelPool - Entry count for : http://localhost:28047 : 1
20:26:53.769 [main] DEBUG net.thucydides.core.steps.StepInterceptor - STARTING STEP: ProductSteps.i_open_sepulsa_com_homepage - checkHomeButtonExist
20:26:53.782 [Forwarding findElement on session a409c7c10b080fdf0c38ae745d504916 to remote] DEBUG org.asynchttpclient.netty.request.NettyRequestSender - Using pooled Channel '[id: 0xff951329, L:/127.0.0.1:58522 - R:localhost/127.0.0.1:28047]' for 'POST' to 'http://localhost:28047/session/a409c7c10b080fdf0c38ae745d504916/element'
20:26:53.782 [Forwarding findElement on session a409c7c10b080fdf0c38ae745d504916 to remote] DEBUG org.asynchttpclient.netty.request.NettyRequestSender - Using open Channel [id: 0xff951329, L:/127.0.0.1:58522 - R:localhost/127.0.0.1:28047] for POST '/session/a409c7c10b080fdf0c38ae745d504916/element'
20:26:53.791 [AsyncHttpClient-1-2] DEBUG org.asynchttpclient.netty.handler.HttpHandler - 

Request DefaultHttpRequest(decodeResult: success, version: HTTP/1.1)
POST /session/a409c7c10b080fdf0c38ae745d504916/element HTTP/1.1
User-Agent: selenium/4.8.1 (java windows)
Content-Length: 80
Content-Type: application/json; charset=utf-8
host: localhost:28047
accept: */*

Response DefaultHttpResponse(decodeResult: success, version: HTTP/1.1)
HTTP/1.1 200 OK
Content-Length: 88
Content-Type: application/json; charset=utf-8
cache-control: no-cache

20:26:53.792 [AsyncHttpClient-1-2] DEBUG org.asynchttpclient.netty.channel.ChannelManager - Adding key: http://localhost:28047 for channel [id: 0xff951329, L:/127.0.0.1:58522 - R:localhost/127.0.0.1:28047]
20:26:53.800 [Forwarding isElementDisplayed on session a409c7c10b080fdf0c38ae745d504916 to remote] DEBUG org.asynchttpclient.netty.request.NettyRequestSender - Using pooled Channel '[id: 0xff951329, L:/127.0.0.1:58522 - R:localhost/127.0.0.1:28047]' for 'POST' to 'http://localhost:28047/session/a409c7c10b080fdf0c38ae745d504916/execute/sync'
20:26:53.800 [Forwarding isElementDisplayed on session a409c7c10b080fdf0c38ae745d504916 to remote] DEBUG org.asynchttpclient.netty.request.NettyRequestSender - Using open Channel [id: 0xff951329, L:/127.0.0.1:58522 - R:localhost/127.0.0.1:28047] for POST '/session/a409c7c10b080fdf0c38ae745d504916/execute/sync'
20:26:53.812 [AsyncHttpClient-1-2] DEBUG org.asynchttpclient.netty.handler.HttpHandler - 

Request DefaultHttpRequest(decodeResult: success, version: HTTP/1.1)
POST /session/a409c7c10b080fdf0c38ae745d504916/execute/sync HTTP/1.1
User-Agent: selenium/4.8.1 (java windows)
Content-Length: 48807
Content-Type: application/json; charset=utf-8
host: localhost:28047
accept: */*

Response DefaultHttpResponse(decodeResult: success, version: HTTP/1.1)
HTTP/1.1 200 OK
Content-Length: 14
Content-Type: application/json; charset=utf-8
cache-control: no-cache

20:26:53.812 [AsyncHttpClient-1-2] DEBUG org.asynchttpclient.netty.channel.ChannelManager - Adding key: http://localhost:28047 for channel [id: 0xff951329, L:/127.0.0.1:58522 - R:localhost/127.0.0.1:28047]
20:26:53.818 [Forwarding getAlertText on session a409c7c10b080fdf0c38ae745d504916 to remote] DEBUG org.asynchttpclient.netty.request.NettyRequestSender - Using pooled Channel '[id: 0xff951329, L:/127.0.0.1:58522 - R:localhost/127.0.0.1:28047]' for 'GET' to 'http://localhost:28047/session/a409c7c10b080fdf0c38ae745d504916/alert/text'
20:26:53.818 [Forwarding getAlertText on session a409c7c10b080fdf0c38ae745d504916 to remote] DEBUG org.asynchttpclient.netty.request.NettyRequestSender - Using open Channel [id: 0xff951329, L:/127.0.0.1:58522 - R:localhost/127.0.0.1:28047] for GET '/session/a409c7c10b080fdf0c38ae745d504916/alert/text'
20:26:53.820 [AsyncHttpClient-1-2] DEBUG org.asynchttpclient.netty.handler.HttpHandler - 

Request DefaultFullHttpRequest(decodeResult: success, version: HTTP/1.1, content: EmptyByteBufBE)
GET /session/a409c7c10b080fdf0c38ae745d504916/alert/text HTTP/1.1
User-Agent: selenium/4.8.1 (java windows)
Cache-Control: no-cache
Content-Type: application/json; charset=utf-8
host: localhost:28047
accept: */*

Response DefaultHttpResponse(decodeResult: success, version: HTTP/1.1)
HTTP/1.1 404 Not Found
Content-Length: 816
Content-Type: application/json; charset=utf-8
cache-control: no-cache

20:26:53.820 [AsyncHttpClient-1-2] DEBUG org.asynchttpclient.netty.channel.ChannelManager - Adding key: http://localhost:28047 for channel [id: 0xff951329, L:/127.0.0.1:58522 - R:localhost/127.0.0.1:28047]
20:26:53.823 [Forwarding getCurrentUrl on session a409c7c10b080fdf0c38ae745d504916 to remote] DEBUG org.asynchttpclient.netty.request.NettyRequestSender - Using pooled Channel '[id: 0xff951329, L:/127.0.0.1:58522 - R:localhost/127.0.0.1:28047]' for 'GET' to 'http://localhost:28047/session/a409c7c10b080fdf0c38ae745d504916/url'
20:26:53.823 [Forwarding getCurrentUrl on session a409c7c10b080fdf0c38ae745d504916 to remote] DEBUG org.asynchttpclient.netty.request.NettyRequestSender - Using open Channel [id: 0xff951329, L:/127.0.0.1:58522 - R:localhost/127.0.0.1:28047] for GET '/session/a409c7c10b080fdf0c38ae745d504916/url'
20:26:53.827 [AsyncHttpClient-1-2] DEBUG org.asynchttpclient.netty.handler.HttpHandler - 

Request DefaultFullHttpRequest(decodeResult: success, version: HTTP/1.1, content: EmptyByteBufBE)
GET /session/a409c7c10b080fdf0c38ae745d504916/url HTTP/1.1
User-Agent: selenium/4.8.1 (java windows)
Cache-Control: no-cache
Content-Type: application/json; charset=utf-8
host: localhost:28047
accept: */*

Response DefaultHttpResponse(decodeResult: success, version: HTTP/1.1)
HTTP/1.1 200 OK
Content-Length: 36
Content-Type: application/json; charset=utf-8
cache-control: no-cache

20:26:53.827 [AsyncHttpClient-1-2] DEBUG org.asynchttpclient.netty.channel.ChannelManager - Adding key: http://localhost:28047 for channel [id: 0xff951329, L:/127.0.0.1:58522 - R:localhost/127.0.0.1:28047]
20:26:53.830 [Forwarding screenshot on session a409c7c10b080fdf0c38ae745d504916 to remote] DEBUG org.asynchttpclient.netty.request.NettyRequestSender - Using pooled Channel '[id: 0xff951329, L:/127.0.0.1:58522 - R:localhost/127.0.0.1:28047]' for 'GET' to 'http://localhost:28047/session/a409c7c10b080fdf0c38ae745d504916/screenshot'
20:26:53.830 [Forwarding screenshot on session a409c7c10b080fdf0c38ae745d504916 to remote] DEBUG org.asynchttpclient.netty.request.NettyRequestSender - Using open Channel [id: 0xff951329, L:/127.0.0.1:58522 - R:localhost/127.0.0.1:28047] for GET '/session/a409c7c10b080fdf0c38ae745d504916/screenshot'
20:26:54.033 [AsyncHttpClient-1-2] DEBUG org.asynchttpclient.netty.handler.HttpHandler - 

Request DefaultFullHttpRequest(decodeResult: success, version: HTTP/1.1, content: EmptyByteBufBE)
GET /session/a409c7c10b080fdf0c38ae745d504916/screenshot HTTP/1.1
User-Agent: selenium/4.8.1 (java windows)
Cache-Control: no-cache
Content-Type: application/json; charset=utf-8
host: localhost:28047
accept: */*

Response DefaultHttpResponse(decodeResult: success, version: HTTP/1.1)
HTTP/1.1 200 OK
Content-Length: 651996
Content-Type: application/json; charset=utf-8
cache-control: no-cache

20:26:54.037 [AsyncHttpClient-1-2] DEBUG org.asynchttpclient.netty.channel.ChannelManager - Adding key: http://localhost:28047 for channel [id: 0xff951329, L:/127.0.0.1:58522 - R:localhost/127.0.0.1:28047]
20:26:54.049 [main] DEBUG net.serenitybdd.core.photography.Darkroom - Send negative for processing for target\site\serenity\0b0df75837c09240f31b16ca2105df17a6782e8172b807f013015a769671e3ec.png
20:26:54.056 [main] DEBUG net.thucydides.core.steps.StepInterceptor - STEP DONE: checkHomeButtonExist
  &amp#27;[32mGiven &amp#27;[0m&amp#27;[32mI open sepulsa.com homepage&amp#27;[0m                                  &amp#27;[90m# starter.stepDefinitions.ProductSteps.i_open_sepulsa_com_homepage()&amp#27;[0m
20:26:54.069 [Forwarding getPageSource on session a409c7c10b080fdf0c38ae745d504916 to remote] DEBUG org.asynchttpclient.netty.request.NettyRequestSender - Using pooled Channel '[id: 0xff951329, L:/127.0.0.1:58522 - R:localhost/127.0.0.1:28047]' for 'POST' to 'http://localhost:28047/session/a409c7c10b080fdf0c38ae745d504916/execute/sync'
20:26:54.069 [Forwarding getPageSource on session a409c7c10b080fdf0c38ae745d504916 to remote] DEBUG org.asynchttpclient.netty.request.NettyRequestSender - Using open Channel [id: 0xff951329, L:/127.0.0.1:58522 - R:localhost/127.0.0.1:28047] for POST '/session/a409c7c10b080fdf0c38ae745d504916/execute/sync'
20:26:54.084 [AsyncHttpClient-1-2] DEBUG org.asynchttpclient.netty.handler.HttpHandler - 

Request DefaultHttpRequest(decodeResult: success, version: HTTP/1.1)
POST /session/a409c7c10b080fdf0c38ae745d504916/execute/sync HTTP/1.1
User-Agent: selenium/4.8.1 (java windows)
Content-Length: 176
Content-Type: application/json; charset=utf-8
host: localhost:28047
accept: */*

Response DefaultHttpResponse(decodeResult: success, version: HTTP/1.1)
HTTP/1.1 200 OK
Content-Length: 182087
Content-Type: application/json; charset=utf-8
cache-control: no-cache

20:26:54.084 [AsyncHttpClient-1-2] DEBUG org.asynchttpclient.netty.channel.ChannelManager - Adding key: http://localhost:28047 for channel [id: 0xff951329, L:/127.0.0.1:58522 - R:localhost/127.0.0.1:28047]
20:26:54.109 [Forwarding getCurrentUrl on session a409c7c10b080fdf0c38ae745d504916 to remote] DEBUG org.asynchttpclient.netty.request.NettyRequestSender - Using pooled Channel '[id: 0xff951329, L:/127.0.0.1:58522 - R:localhost/127.0.0.1:28047]' for 'GET' to 'http://localhost:28047/session/a409c7c10b080fdf0c38ae745d504916/url'
20:26:54.109 [Forwarding getCurrentUrl on session a409c7c10b080fdf0c38ae745d504916 to remote] DEBUG org.asynchttpclient.netty.request.NettyRequestSender - Using open Channel [id: 0xff951329, L:/127.0.0.1:58522 - R:localhost/127.0.0.1:28047] for GET '/session/a409c7c10b080fdf0c38ae745d504916/url'
20:26:54.111 [AsyncHttpClient-1-2] DEBUG org.asynchttpclient.netty.handler.HttpHandler - 

Request DefaultFullHttpRequest(decodeResult: success, version: HTTP/1.1, content: EmptyByteBufBE)
GET /session/a409c7c10b080fdf0c38ae745d504916/url HTTP/1.1
User-Agent: selenium/4.8.1 (java windows)
Cache-Control: no-cache
Content-Type: application/json; charset=utf-8
host: localhost:28047
accept: */*

Response DefaultHttpResponse(decodeResult: success, version: HTTP/1.1)
HTTP/1.1 200 OK
Content-Length: 36
Content-Type: application/json; charset=utf-8
cache-control: no-cache

20:26:54.112 [AsyncHttpClient-1-2] DEBUG org.asynchttpclient.netty.channel.ChannelManager - Adding key: http://localhost:28047 for channel [id: 0xff951329, L:/127.0.0.1:58522 - R:localhost/127.0.0.1:28047]
20:26:54.124 [Forwarding getAlertText on session a409c7c10b080fdf0c38ae745d504916 to remote] DEBUG org.asynchttpclient.netty.request.NettyRequestSender - Using pooled Channel '[id: 0xff951329, L:/127.0.0.1:58522 - R:localhost/127.0.0.1:28047]' for 'GET' to 'http://localhost:28047/session/a409c7c10b080fdf0c38ae745d504916/alert/text'
20:26:54.124 [Forwarding getAlertText on session a409c7c10b080fdf0c38ae745d504916 to remote] DEBUG org.asynchttpclient.netty.request.NettyRequestSender - Using open Channel [id: 0xff951329, L:/127.0.0.1:58522 - R:localhost/127.0.0.1:28047] for GET '/session/a409c7c10b080fdf0c38ae745d504916/alert/text'
20:26:54.126 [AsyncHttpClient-1-2] DEBUG org.asynchttpclient.netty.handler.HttpHandler - 

Request DefaultFullHttpRequest(decodeResult: success, version: HTTP/1.1, content: EmptyByteBufBE)
GET /session/a409c7c10b080fdf0c38ae745d504916/alert/text HTTP/1.1
User-Agent: selenium/4.8.1 (java windows)
Cache-Control: no-cache
Content-Type: application/json; charset=utf-8
host: localhost:28047
accept: */*

Response DefaultHttpResponse(decodeResult: success, version: HTTP/1.1)
HTTP/1.1 404 Not Found
Content-Length: 816
Content-Type: application/json; charset=utf-8
cache-control: no-cache

20:26:54.127 [AsyncHttpClient-1-2] DEBUG org.asynchttpclient.netty.channel.ChannelManager - Adding key: http://localhost:28047 for channel [id: 0xff951329, L:/127.0.0.1:58522 - R:localhost/127.0.0.1:28047]
20:26:54.129 [Forwarding getCurrentUrl on session a409c7c10b080fdf0c38ae745d504916 to remote] DEBUG org.asynchttpclient.netty.request.NettyRequestSender - Using pooled Channel '[id: 0xff951329, L:/127.0.0.1:58522 - R:localhost/127.0.0.1:28047]' for 'GET' to 'http://localhost:28047/session/a409c7c10b080fdf0c38ae745d504916/url'
20:26:54.129 [Forwarding getCurrentUrl on session a409c7c10b080fdf0c38ae745d504916 to remote] DEBUG org.asynchttpclient.netty.request.NettyRequestSender - Using open Channel [id: 0xff951329, L:/127.0.0.1:58522 - R:localhost/127.0.0.1:28047] for GET '/session/a409c7c10b080fdf0c38ae745d504916/url'
20:26:54.132 [AsyncHttpClient-1-2] DEBUG org.asynchttpclient.netty.handler.HttpHandler - 

Request DefaultFullHttpRequest(decodeResult: success, version: HTTP/1.1, content: EmptyByteBufBE)
GET /session/a409c7c10b080fdf0c38ae745d504916/url HTTP/1.1
User-Agent: selenium/4.8.1 (java windows)
Cache-Control: no-cache
Content-Type: application/json; charset=utf-8
host: localhost:28047
accept: */*

Response DefaultHttpResponse(decodeResult: success, version: HTTP/1.1)
HTTP/1.1 200 OK
Content-Length: 36
Content-Type: application/json; charset=utf-8
cache-control: no-cache

20:26:54.132 [AsyncHttpClient-1-2] DEBUG org.asynchttpclient.netty.channel.ChannelManager - Adding key: http://localhost:28047 for channel [id: 0xff951329, L:/127.0.0.1:58522 - R:localhost/127.0.0.1:28047]
20:26:54.133 [Forwarding screenshot on session a409c7c10b080fdf0c38ae745d504916 to remote] DEBUG org.asynchttpclient.netty.request.NettyRequestSender - Using pooled Channel '[id: 0xff951329, L:/127.0.0.1:58522 - R:localhost/127.0.0.1:28047]' for 'GET' to 'http://localhost:28047/session/a409c7c10b080fdf0c38ae745d504916/screenshot'
20:26:54.133 [Forwarding screenshot on session a409c7c10b080fdf0c38ae745d504916 to remote] DEBUG org.asynchttpclient.netty.request.NettyRequestSender - Using open Channel [id: 0xff951329, L:/127.0.0.1:58522 - R:localhost/127.0.0.1:28047] for GET '/session/a409c7c10b080fdf0c38ae745d504916/screenshot'
20:26:54.332 [AsyncHttpClient-1-2] DEBUG org.asynchttpclient.netty.handler.HttpHandler - 

Request DefaultFullHttpRequest(decodeResult: success, version: HTTP/1.1, content: EmptyByteBufBE)
GET /session/a409c7c10b080fdf0c38ae745d504916/screenshot HTTP/1.1
User-Agent: selenium/4.8.1 (java windows)
Cache-Control: no-cache
Content-Type: application/json; charset=utf-8
host: localhost:28047
accept: */*

Response DefaultHttpResponse(decodeResult: success, version: HTTP/1.1)
HTTP/1.1 200 OK
Content-Length: 651996
Content-Type: application/json; charset=utf-8
cache-control: no-cache

20:26:54.335 [AsyncHttpClient-1-2] DEBUG org.asynchttpclient.netty.channel.ChannelManager - Adding key: http://localhost:28047 for channel [id: 0xff951329, L:/127.0.0.1:58522 - R:localhost/127.0.0.1:28047]
20:26:54.348 [main] DEBUG net.serenitybdd.core.photography.Darkroom - Send negative for processing for target\site\serenity\0b0df75837c09240f31b16ca2105df17a6782e8172b807f013015a769671e3ec.png
20:26:54.350 [Forwarding getPageSource on session a409c7c10b080fdf0c38ae745d504916 to remote] DEBUG org.asynchttpclient.netty.request.NettyRequestSender - Using pooled Channel '[id: 0xff951329, L:/127.0.0.1:58522 - R:localhost/127.0.0.1:28047]' for 'POST' to 'http://localhost:28047/session/a409c7c10b080fdf0c38ae745d504916/execute/sync'
20:26:54.350 [Forwarding getPageSource on session a409c7c10b080fdf0c38ae745d504916 to remote] DEBUG org.asynchttpclient.netty.request.NettyRequestSender - Using open Channel [id: 0xff951329, L:/127.0.0.1:58522 - R:localhost/127.0.0.1:28047] for POST '/session/a409c7c10b080fdf0c38ae745d504916/execute/sync'
20:26:54.364 [AsyncHttpClient-1-2] DEBUG org.asynchttpclient.netty.handler.HttpHandler - 

Request DefaultHttpRequest(decodeResult: success, version: HTTP/1.1)
POST /session/a409c7c10b080fdf0c38ae745d504916/execute/sync HTTP/1.1
User-Agent: selenium/4.8.1 (java windows)
Content-Length: 176
Content-Type: application/json; charset=utf-8
host: localhost:28047
accept: */*

Response DefaultHttpResponse(decodeResult: success, version: HTTP/1.1)
HTTP/1.1 200 OK
Content-Length: 182087
Content-Type: application/json; charset=utf-8
cache-control: no-cache

20:26:54.365 [AsyncHttpClient-1-2] DEBUG org.asynchttpclient.netty.channel.ChannelManager - Adding key: http://localhost:28047 for channel [id: 0xff951329, L:/127.0.0.1:58522 - R:localhost/127.0.0.1:28047]
20:26:54.384 [Forwarding getCurrentUrl on session a409c7c10b080fdf0c38ae745d504916 to remote] DEBUG org.asynchttpclient.netty.request.NettyRequestSender - Using pooled Channel '[id: 0xff951329, L:/127.0.0.1:58522 - R:localhost/127.0.0.1:28047]' for 'GET' to 'http://localhost:28047/session/a409c7c10b080fdf0c38ae745d504916/url'
20:26:54.384 [Forwarding getCurrentUrl on session a409c7c10b080fdf0c38ae745d504916 to remote] DEBUG org.asynchttpclient.netty.request.NettyRequestSender - Using open Channel [id: 0xff951329, L:/127.0.0.1:58522 - R:localhost/127.0.0.1:28047] for GET '/session/a409c7c10b080fdf0c38ae745d504916/url'
20:26:54.388 [AsyncHttpClient-1-2] DEBUG org.asynchttpclient.netty.handler.HttpHandler - 

Request DefaultFullHttpRequest(decodeResult: success, version: HTTP/1.1, content: EmptyByteBufBE)
GET /session/a409c7c10b080fdf0c38ae745d504916/url HTTP/1.1
User-Agent: selenium/4.8.1 (java windows)
Cache-Control: no-cache
Content-Type: application/json; charset=utf-8
host: localhost:28047
accept: */*

Response DefaultHttpResponse(decodeResult: success, version: HTTP/1.1)
HTTP/1.1 200 OK
Content-Length: 36
Content-Type: application/json; charset=utf-8
cache-control: no-cache

20:26:54.389 [AsyncHttpClient-1-2] DEBUG org.asynchttpclient.netty.channel.ChannelManager - Adding key: http://localhost:28047 for channel [id: 0xff951329, L:/127.0.0.1:58522 - R:localhost/127.0.0.1:28047]
20:26:54.393 [main] DEBUG net.thucydides.core.steps.StepInterceptor - STARTING STEP: ProductSteps.i_press_at_product_icon - pressProduct
20:26:54.399 [Forwarding findElement on session a409c7c10b080fdf0c38ae745d504916 to remote] DEBUG org.asynchttpclient.netty.request.NettyRequestSender - Using pooled Channel '[id: 0xff951329, L:/127.0.0.1:58522 - R:localhost/127.0.0.1:28047]' for 'POST' to 'http://localhost:28047/session/a409c7c10b080fdf0c38ae745d504916/element'
20:26:54.399 [Forwarding findElement on session a409c7c10b080fdf0c38ae745d504916 to remote] DEBUG org.asynchttpclient.netty.request.NettyRequestSender - Using open Channel [id: 0xff951329, L:/127.0.0.1:58522 - R:localhost/127.0.0.1:28047] for POST '/session/a409c7c10b080fdf0c38ae745d504916/element'
20:26:54.410 [AsyncHttpClient-1-2] DEBUG org.asynchttpclient.netty.handler.HttpHandler - 

Request DefaultHttpRequest(decodeResult: success, version: HTTP/1.1)
POST /session/a409c7c10b080fdf0c38ae745d504916/element HTTP/1.1
User-Agent: selenium/4.8.1 (java windows)
Content-Length: 66
Content-Type: application/json; charset=utf-8
host: localhost:28047
accept: */*

Response DefaultHttpResponse(decodeResult: success, version: HTTP/1.1)
HTTP/1.1 200 OK
Content-Length: 88
Content-Type: application/json; charset=utf-8
cache-control: no-cache

20:26:54.410 [AsyncHttpClient-1-2] DEBUG org.asynchttpclient.netty.channel.ChannelManager - Adding key: http://localhost:28047 for channel [id: 0xff951329, L:/127.0.0.1:58522 - R:localhost/127.0.0.1:28047]
20:26:54.413 [Forwarding getElementTagName on session a409c7c10b080fdf0c38ae745d504916 to remote] DEBUG org.asynchttpclient.netty.request.NettyRequestSender - Using pooled Channel '[id: 0xff951329, L:/127.0.0.1:58522 - R:localhost/127.0.0.1:28047]' for 'GET' to 'http://localhost:28047/session/a409c7c10b080fdf0c38ae745d504916/element/4f803a01-26be-4896-a6ac-68f8d769fb64/name'
20:26:54.413 [Forwarding getElementTagName on session a409c7c10b080fdf0c38ae745d504916 to remote] DEBUG org.asynchttpclient.netty.request.NettyRequestSender - Using open Channel [id: 0xff951329, L:/127.0.0.1:58522 - R:localhost/127.0.0.1:28047] for GET '/session/a409c7c10b080fdf0c38ae745d504916/element/4f803a01-26be-4896-a6ac-68f8d769fb64/name'
20:26:54.416 [AsyncHttpClient-1-2] DEBUG org.asynchttpclient.netty.handler.HttpHandler - 

Request DefaultFullHttpRequest(decodeResult: success, version: HTTP/1.1, content: EmptyByteBufBE)
GET /session/a409c7c10b080fdf0c38ae745d504916/element/4f803a01-26be-4896-a6ac-68f8d769fb64/name HTTP/1.1
User-Agent: selenium/4.8.1 (java windows)
Cache-Control: no-cache
Content-Type: application/json; charset=utf-8
host: localhost:28047
accept: */*

Response DefaultHttpResponse(decodeResult: success, version: HTTP/1.1)
HTTP/1.1 200 OK
Content-Length: 13
Content-Type: application/json; charset=utf-8
cache-control: no-cache

20:26:54.417 [AsyncHttpClient-1-2] DEBUG org.asynchttpclient.netty.channel.ChannelManager - Adding key: http://localhost:28047 for channel [id: 0xff951329, L:/127.0.0.1:58522 - R:localhost/127.0.0.1:28047]
20:26:54.418 [Forwarding getElementTagName on session a409c7c10b080fdf0c38ae745d504916 to remote] DEBUG org.asynchttpclient.netty.request.NettyRequestSender - Using pooled Channel '[id: 0xff951329, L:/127.0.0.1:58522 - R:localhost/127.0.0.1:28047]' for 'GET' to 'http://localhost:28047/session/a409c7c10b080fdf0c38ae745d504916/element/4f803a01-26be-4896-a6ac-68f8d769fb64/name'
20:26:54.418 [Forwarding getElementTagName on session a409c7c10b080fdf0c38ae745d504916 to remote] DEBUG org.asynchttpclient.netty.request.NettyRequestSender - Using open Channel [id: 0xff951329, L:/127.0.0.1:58522 - R:localhost/127.0.0.1:28047] for GET '/session/a409c7c10b080fdf0c38ae745d504916/element/4f803a01-26be-4896-a6ac-68f8d769fb64/name'
20:26:54.421 [AsyncHttpClient-1-2] DEBUG org.asynchttpclient.netty.handler.HttpHandler - 

Request DefaultFullHttpRequest(decodeResult: success, version: HTTP/1.1, content: EmptyByteBufBE)
GET /session/a409c7c10b080fdf0c38ae745d504916/element/4f803a01-26be-4896-a6ac-68f8d769fb64/name HTTP/1.1
User-Agent: selenium/4.8.1 (java windows)
Cache-Control: no-cache
Content-Type: application/json; charset=utf-8
host: localhost:28047
accept: */*

Response DefaultHttpResponse(decodeResult: success, version: HTTP/1.1)
HTTP/1.1 200 OK
Content-Length: 13
Content-Type: application/json; charset=utf-8
cache-control: no-cache

20:26:54.421 [AsyncHttpClient-1-2] DEBUG org.asynchttpclient.netty.channel.ChannelManager - Adding key: http://localhost:28047 for channel [id: 0xff951329, L:/127.0.0.1:58522 - R:localhost/127.0.0.1:28047]
20:26:54.425 [Forwarding findElement on session a409c7c10b080fdf0c38ae745d504916 to remote] DEBUG org.asynchttpclient.netty.request.NettyRequestSender - Using pooled Channel '[id: 0xff951329, L:/127.0.0.1:58522 - R:localhost/127.0.0.1:28047]' for 'POST' to 'http://localhost:28047/session/a409c7c10b080fdf0c38ae745d504916/element'
20:26:54.425 [Forwarding findElement on session a409c7c10b080fdf0c38ae745d504916 to remote] DEBUG org.asynchttpclient.netty.request.NettyRequestSender - Using open Channel [id: 0xff951329, L:/127.0.0.1:58522 - R:localhost/127.0.0.1:28047] for POST '/session/a409c7c10b080fdf0c38ae745d504916/element'
20:26:54.430 [AsyncHttpClient-1-2] DEBUG org.asynchttpclient.netty.handler.HttpHandler - 

Request DefaultHttpRequest(decodeResult: success, version: HTTP/1.1)
POST /session/a409c7c10b080fdf0c38ae745d504916/element HTTP/1.1
User-Agent: selenium/4.8.1 (java windows)
Content-Length: 66
Content-Type: application/json; charset=utf-8
host: localhost:28047
accept: */*

Response DefaultHttpResponse(decodeResult: success, version: HTTP/1.1)
HTTP/1.1 200 OK
Content-Length: 88
Content-Type: application/json; charset=utf-8
cache-control: no-cache

20:26:54.430 [AsyncHttpClient-1-2] DEBUG org.asynchttpclient.netty.channel.ChannelManager - Adding key: http://localhost:28047 for channel [id: 0xff951329, L:/127.0.0.1:58522 - R:localhost/127.0.0.1:28047]
20:26:54.432 [Forwarding clickElement on session a409c7c10b080fdf0c38ae745d504916 to remote] DEBUG org.asynchttpclient.netty.request.NettyRequestSender - Using pooled Channel '[id: 0xff951329, L:/127.0.0.1:58522 - R:localhost/127.0.0.1:28047]' for 'POST' to 'http://localhost:28047/session/a409c7c10b080fdf0c38ae745d504916/element/4f803a01-26be-4896-a6ac-68f8d769fb64/click'
20:26:54.432 [Forwarding clickElement on session a409c7c10b080fdf0c38ae745d504916 to remote] DEBUG org.asynchttpclient.netty.request.NettyRequestSender - Using open Channel [id: 0xff951329, L:/127.0.0.1:58522 - R:localhost/127.0.0.1:28047] for POST '/session/a409c7c10b080fdf0c38ae745d504916/element/4f803a01-26be-4896-a6ac-68f8d769fb64/click'
20:26:54.857 [AsyncHttpClient-1-1] DEBUG org.asynchttpclient.netty.channel.DefaultChannelPool - Entry count for : http://localhost:58524 : 1
20:26:55.470 [AsyncHttpClient-1-2] DEBUG org.asynchttpclient.netty.handler.HttpHandler - 

Request DefaultHttpRequest(decodeResult: success, version: HTTP/1.1)
POST /session/a409c7c10b080fdf0c38ae745d504916/element/4f803a01-26be-4896-a6ac-68f8d769fb64/click HTTP/1.1
User-Agent: selenium/4.8.1 (java windows)
Content-Length: 50
Content-Type: application/json; charset=utf-8
host: localhost:28047
accept: */*

Response DefaultHttpResponse(decodeResult: success, version: HTTP/1.1)
HTTP/1.1 200 OK
Content-Length: 14
Content-Type: application/json; charset=utf-8
cache-control: no-cache

20:26:55.471 [AsyncHttpClient-1-2] DEBUG org.asynchttpclient.netty.channel.ChannelManager - Adding key: http://localhost:28047 for channel [id: 0xff951329, L:/127.0.0.1:58522 - R:localhost/127.0.0.1:28047]
20:26:55.483 [Forwarding getAlertText on session a409c7c10b080fdf0c38ae745d504916 to remote] DEBUG org.asynchttpclient.netty.request.NettyRequestSender - Using pooled Channel '[id: 0xff951329, L:/127.0.0.1:58522 - R:localhost/127.0.0.1:28047]' for 'GET' to 'http://localhost:28047/session/a409c7c10b080fdf0c38ae745d504916/alert/text'
20:26:55.483 [Forwarding getAlertText on session a409c7c10b080fdf0c38ae745d504916 to remote] DEBUG org.asynchttpclient.netty.request.NettyRequestSender - Using open Channel [id: 0xff951329, L:/127.0.0.1:58522 - R:localhost/127.0.0.1:28047] for GET '/session/a409c7c10b080fdf0c38ae745d504916/alert/text'
20:26:55.538 [AsyncHttpClient-1-2] DEBUG org.asynchttpclient.netty.handler.HttpHandler - 

Request DefaultFullHttpRequest(decodeResult: success, version: HTTP/1.1, content: EmptyByteBufBE)
GET /session/a409c7c10b080fdf0c38ae745d504916/alert/text HTTP/1.1
User-Agent: selenium/4.8.1 (java windows)
Cache-Control: no-cache
Content-Type: application/json; charset=utf-8
host: localhost:28047
accept: */*

Response DefaultHttpResponse(decodeResult: success, version: HTTP/1.1)
HTTP/1.1 404 Not Found
Content-Length: 816
Content-Type: application/json; charset=utf-8
cache-control: no-cache

20:26:55.538 [AsyncHttpClient-1-2] DEBUG org.asynchttpclient.netty.channel.ChannelManager - Adding key: http://localhost:28047 for channel [id: 0xff951329, L:/127.0.0.1:58522 - R:localhost/127.0.0.1:28047]
20:26:55.544 [Forwarding getCurrentUrl on session a409c7c10b080fdf0c38ae745d504916 to remote] DEBUG org.asynchttpclient.netty.request.NettyRequestSender - Using pooled Channel '[id: 0xff951329, L:/127.0.0.1:58522 - R:localhost/127.0.0.1:28047]' for 'GET' to 'http://localhost:28047/session/a409c7c10b080fdf0c38ae745d504916/url'
20:26:55.544 [Forwarding getCurrentUrl on session a409c7c10b080fdf0c38ae745d504916 to remote] DEBUG org.asynchttpclient.netty.request.NettyRequestSender - Using open Channel [id: 0xff951329, L:/127.0.0.1:58522 - R:localhost/127.0.0.1:28047] for GET '/session/a409c7c10b080fdf0c38ae745d504916/url'
20:26:55.561 [AsyncHttpClient-1-2] DEBUG org.asynchttpclient.netty.handler.HttpHandler - 

Request DefaultFullHttpRequest(decodeResult: success, version: HTTP/1.1, content: EmptyByteBufBE)
GET /session/a409c7c10b080fdf0c38ae745d504916/url HTTP/1.1
User-Agent: selenium/4.8.1 (java windows)
Cache-Control: no-cache
Content-Type: application/json; charset=utf-8
host: localhost:28047
accept: */*

Response DefaultHttpResponse(decodeResult: success, version: HTTP/1.1)
HTTP/1.1 200 OK
Content-Length: 53
Content-Type: application/json; charset=utf-8
cache-control: no-cache

20:26:55.562 [AsyncHttpClient-1-2] DEBUG org.asynchttpclient.netty.channel.ChannelManager - Adding key: http://localhost:28047 for channel [id: 0xff951329, L:/127.0.0.1:58522 - R:localhost/127.0.0.1:28047]
20:26:55.564 [Forwarding screenshot on session a409c7c10b080fdf0c38ae745d504916 to remote] DEBUG org.asynchttpclient.netty.request.NettyRequestSender - Using pooled Channel '[id: 0xff951329, L:/127.0.0.1:58522 - R:localhost/127.0.0.1:28047]' for 'GET' to 'http://localhost:28047/session/a409c7c10b080fdf0c38ae745d504916/screenshot'
20:26:55.564 [Forwarding screenshot on session a409c7c10b080fdf0c38ae745d504916 to remote] DEBUG org.asynchttpclient.netty.request.NettyRequestSender - Using open Channel [id: 0xff951329, L:/127.0.0.1:58522 - R:localhost/127.0.0.1:28047] for GET '/session/a409c7c10b080fdf0c38ae745d504916/screenshot'
20:26:55.735 [AsyncHttpClient-1-2] DEBUG org.asynchttpclient.netty.handler.HttpHandler - 

Request DefaultFullHttpRequest(decodeResult: success, version: HTTP/1.1, content: EmptyByteBufBE)
GET /session/a409c7c10b080fdf0c38ae745d504916/screenshot HTTP/1.1
User-Agent: selenium/4.8.1 (java windows)
Cache-Control: no-cache
Content-Type: application/json; charset=utf-8
host: localhost:28047
accept: */*

Response DefaultHttpResponse(decodeResult: success, version: HTTP/1.1)
HTTP/1.1 200 OK
Content-Length: 300388
Content-Type: application/json; charset=utf-8
cache-control: no-cache

20:26:55.736 [AsyncHttpClient-1-2] DEBUG org.asynchttpclient.netty.channel.ChannelManager - Adding key: http://localhost:28047 for channel [id: 0xff951329, L:/127.0.0.1:58522 - R:localhost/127.0.0.1:28047]
20:26:55.744 [main] DEBUG net.serenitybdd.core.photography.Darkroom - Send negative for processing for target\site\serenity\954fc89ae2702f1af32da93488345f00107ac99cf1560ef49a97d63a10723aff.png
20:26:55.745 [Darkroom Processing Line] DEBUG net.serenitybdd.core.photography.DarkroomProcessingLine - Processing screenshot image in /var/screenshots/screenshot-15260133341480216628
20:26:55.745 [Darkroom Processing Line] DEBUG net.serenitybdd.core.photography.DarkroomProcessingLine - Saving screenshot to target\site\serenity\954fc89ae2702f1af32da93488345f00107ac99cf1560ef49a97d63a10723aff.png
20:26:55.745 [main] DEBUG net.thucydides.core.steps.StepInterceptor - STEP DONE: pressProduct
  &amp#27;[32mWhen &amp#27;[0m&amp#27;[32mI press at &amp#27;[0m&amp#27;[32m&amp#27;[1m"Pulsa"&amp#27;[0m&amp#27;[32m product icon&amp#27;[0m                               &amp#27;[90m# starter.stepDefinitions.ProductSteps.i_press_at_product_icon(java.lang.String)&amp#27;[0m
20:26:55.755 [Forwarding getPageSource on session a409c7c10b080fdf0c38ae745d504916 to remote] DEBUG org.asynchttpclient.netty.request.NettyRequestSender - Using pooled Channel '[id: 0xff951329, L:/127.0.0.1:58522 - R:localhost/127.0.0.1:28047]' for 'POST' to 'http://localhost:28047/session/a409c7c10b080fdf0c38ae745d504916/execute/sync'
20:26:55.756 [Forwarding getPageSource on session a409c7c10b080fdf0c38ae745d504916 to remote] DEBUG org.asynchttpclient.netty.request.NettyRequestSender - Using open Channel [id: 0xff951329, L:/127.0.0.1:58522 - R:localhost/127.0.0.1:28047] for POST '/session/a409c7c10b080fdf0c38ae745d504916/execute/sync'
20:26:55.763 [AsyncHttpClient-1-2] DEBUG org.asynchttpclient.netty.handler.HttpHandler - 

Request DefaultHttpRequest(decodeResult: success, version: HTTP/1.1)
POST /session/a409c7c10b080fdf0c38ae745d504916/execute/sync HTTP/1.1
User-Agent: selenium/4.8.1 (java windows)
Content-Length: 176
Content-Type: application/json; charset=utf-8
host: localhost:28047
accept: */*

Response DefaultHttpResponse(decodeResult: success, version: HTTP/1.1)
HTTP/1.1 200 OK
Content-Length: 88472
Content-Type: application/json; charset=utf-8
cache-control: no-cache

20:26:55.764 [AsyncHttpClient-1-2] DEBUG org.asynchttpclient.netty.channel.ChannelManager - Adding key: http://localhost:28047 for channel [id: 0xff951329, L:/127.0.0.1:58522 - R:localhost/127.0.0.1:28047]
20:26:55.773 [Forwarding getCurrentUrl on session a409c7c10b080fdf0c38ae745d504916 to remote] DEBUG org.asynchttpclient.netty.request.NettyRequestSender - Using pooled Channel '[id: 0xff951329, L:/127.0.0.1:58522 - R:localhost/127.0.0.1:28047]' for 'GET' to 'http://localhost:28047/session/a409c7c10b080fdf0c38ae745d504916/url'
20:26:55.773 [Forwarding getCurrentUrl on session a409c7c10b080fdf0c38ae745d504916 to remote] DEBUG org.asynchttpclient.netty.request.NettyRequestSender - Using open Channel [id: 0xff951329, L:/127.0.0.1:58522 - R:localhost/127.0.0.1:28047] for GET '/session/a409c7c10b080fdf0c38ae745d504916/url'
20:26:55.777 [AsyncHttpClient-1-2] DEBUG org.asynchttpclient.netty.handler.HttpHandler - 

Request DefaultFullHttpRequest(decodeResult: success, version: HTTP/1.1, content: EmptyByteBufBE)
GET /session/a409c7c10b080fdf0c38ae745d504916/url HTTP/1.1
User-Agent: selenium/4.8.1 (java windows)
Cache-Control: no-cache
Content-Type: application/json; charset=utf-8
host: localhost:28047
accept: */*

Response DefaultHttpResponse(decodeResult: success, version: HTTP/1.1)
HTTP/1.1 200 OK
Content-Length: 53
Content-Type: application/json; charset=utf-8
cache-control: no-cache

20:26:55.778 [AsyncHttpClient-1-2] DEBUG org.asynchttpclient.netty.channel.ChannelManager - Adding key: http://localhost:28047 for channel [id: 0xff951329, L:/127.0.0.1:58522 - R:localhost/127.0.0.1:28047]
20:26:55.792 [Forwarding getPageSource on session a409c7c10b080fdf0c38ae745d504916 to remote] DEBUG org.asynchttpclient.netty.request.NettyRequestSender - Using pooled Channel '[id: 0xff951329, L:/127.0.0.1:58522 - R:localhost/127.0.0.1:28047]' for 'POST' to 'http://localhost:28047/session/a409c7c10b080fdf0c38ae745d504916/execute/sync'
20:26:55.792 [Forwarding getPageSource on session a409c7c10b080fdf0c38ae745d504916 to remote] DEBUG org.asynchttpclient.netty.request.NettyRequestSender - Using open Channel [id: 0xff951329, L:/127.0.0.1:58522 - R:localhost/127.0.0.1:28047] for POST '/session/a409c7c10b080fdf0c38ae745d504916/execute/sync'
20:26:55.800 [AsyncHttpClient-1-2] DEBUG org.asynchttpclient.netty.handler.HttpHandler - 

Request DefaultHttpRequest(decodeResult: success, version: HTTP/1.1)
POST /session/a409c7c10b080fdf0c38ae745d504916/execute/sync HTTP/1.1
User-Agent: selenium/4.8.1 (java windows)
Content-Length: 176
Content-Type: application/json; charset=utf-8
host: localhost:28047
accept: */*

Response DefaultHttpResponse(decodeResult: success, version: HTTP/1.1)
HTTP/1.1 200 OK
Content-Length: 88472
Content-Type: application/json; charset=utf-8
cache-control: no-cache

20:26:55.801 [AsyncHttpClient-1-2] DEBUG org.asynchttpclient.netty.channel.ChannelManager - Adding key: http://localhost:28047 for channel [id: 0xff951329, L:/127.0.0.1:58522 - R:localhost/127.0.0.1:28047]
20:26:55.810 [Forwarding getCurrentUrl on session a409c7c10b080fdf0c38ae745d504916 to remote] DEBUG org.asynchttpclient.netty.request.NettyRequestSender - Using pooled Channel '[id: 0xff951329, L:/127.0.0.1:58522 - R:localhost/127.0.0.1:28047]' for 'GET' to 'http://localhost:28047/session/a409c7c10b080fdf0c38ae745d504916/url'
20:26:55.810 [Forwarding getCurrentUrl on session a409c7c10b080fdf0c38ae745d504916 to remote] DEBUG org.asynchttpclient.netty.request.NettyRequestSender - Using open Channel [id: 0xff951329, L:/127.0.0.1:58522 - R:localhost/127.0.0.1:28047] for GET '/session/a409c7c10b080fdf0c38ae745d504916/url'
20:26:55.815 [AsyncHttpClient-1-2] DEBUG org.asynchttpclient.netty.handler.HttpHandler - 

Request DefaultFullHttpRequest(decodeResult: success, version: HTTP/1.1, content: EmptyByteBufBE)
GET /session/a409c7c10b080fdf0c38ae745d504916/url HTTP/1.1
User-Agent: selenium/4.8.1 (java windows)
Cache-Control: no-cache
Content-Type: application/json; charset=utf-8
host: localhost:28047
accept: */*

Response DefaultHttpResponse(decodeResult: success, version: HTTP/1.1)
HTTP/1.1 200 OK
Content-Length: 53
Content-Type: application/json; charset=utf-8
cache-control: no-cache

20:26:55.815 [AsyncHttpClient-1-2] DEBUG org.asynchttpclient.netty.channel.ChannelManager - Adding key: http://localhost:28047 for channel [id: 0xff951329, L:/127.0.0.1:58522 - R:localhost/127.0.0.1:28047]
20:26:55.818 [main] DEBUG net.thucydides.core.steps.StepInterceptor - STARTING STEP: ProductSteps.i_will_be_directed_to_the_correct_product_page - checkTitleWording
20:26:55.840 [Forwarding findElement on session a409c7c10b080fdf0c38ae745d504916 to remote] DEBUG org.asynchttpclient.netty.request.NettyRequestSender - Using pooled Channel '[id: 0xff951329, L:/127.0.0.1:58522 - R:localhost/127.0.0.1:28047]' for 'POST' to 'http://localhost:28047/session/a409c7c10b080fdf0c38ae745d504916/element'
20:26:55.841 [Forwarding findElement on session a409c7c10b080fdf0c38ae745d504916 to remote] DEBUG org.asynchttpclient.netty.request.NettyRequestSender - Using open Channel [id: 0xff951329, L:/127.0.0.1:58522 - R:localhost/127.0.0.1:28047] for POST '/session/a409c7c10b080fdf0c38ae745d504916/element'
20:26:55.850 [AsyncHttpClient-1-2] DEBUG org.asynchttpclient.netty.handler.HttpHandler - 

Request DefaultHttpRequest(decodeResult: success, version: HTTP/1.1)
POST /session/a409c7c10b080fdf0c38ae745d504916/element HTTP/1.1
User-Agent: selenium/4.8.1 (java windows)
Content-Length: 57
Content-Type: application/json; charset=utf-8
host: localhost:28047
accept: */*

Response DefaultHttpResponse(decodeResult: success, version: HTTP/1.1)
HTTP/1.1 200 OK
Content-Length: 88
Content-Type: application/json; charset=utf-8
cache-control: no-cache

20:26:55.850 [AsyncHttpClient-1-2] DEBUG org.asynchttpclient.netty.channel.ChannelManager - Adding key: http://localhost:28047 for channel [id: 0xff951329, L:/127.0.0.1:58522 - R:localhost/127.0.0.1:28047]
20:26:55.852 [Forwarding findChildElements on session a409c7c10b080fdf0c38ae745d504916 to remote] DEBUG org.asynchttpclient.netty.request.NettyRequestSender - Using pooled Channel '[id: 0xff951329, L:/127.0.0.1:58522 - R:localhost/127.0.0.1:28047]' for 'POST' to 'http://localhost:28047/session/a409c7c10b080fdf0c38ae745d504916/element/bb5d9e3f-23d4-41de-aa68-bfb90f6c90d4/elements'
20:26:55.852 [Forwarding findChildElements on session a409c7c10b080fdf0c38ae745d504916 to remote] DEBUG org.asynchttpclient.netty.request.NettyRequestSender - Using open Channel [id: 0xff951329, L:/127.0.0.1:58522 - R:localhost/127.0.0.1:28047] for POST '/session/a409c7c10b080fdf0c38ae745d504916/element/bb5d9e3f-23d4-41de-aa68-bfb90f6c90d4/elements'
20:26:55.956 [AsyncHttpClient-1-1] DEBUG org.asynchttpclient.netty.channel.DefaultChannelPool - Entry count for : http://localhost:58524 : 1
20:26:57.065 [AsyncHttpClient-1-1] DEBUG org.asynchttpclient.netty.channel.DefaultChannelPool - Entry count for : http://localhost:58524 : 1
20:26:57.881 [AsyncHttpClient-1-2] DEBUG org.asynchttpclient.netty.handler.HttpHandler - 

Request DefaultHttpRequest(decodeResult: success, version: HTTP/1.1)
POST /session/a409c7c10b080fdf0c38ae745d504916/element/bb5d9e3f-23d4-41de-aa68-bfb90f6c90d4/elements HTTP/1.1
User-Agent: selenium/4.8.1 (java windows)
Content-Length: 90
Content-Type: application/json; charset=utf-8
host: localhost:28047
accept: */*

Response DefaultHttpResponse(decodeResult: success, version: HTTP/1.1)
HTTP/1.1 200 OK
Content-Length: 12
Content-Type: application/json; charset=utf-8
cache-control: no-cache

20:26:57.881 [AsyncHttpClient-1-2] DEBUG org.asynchttpclient.netty.channel.ChannelManager - Adding key: http://localhost:28047 for channel [id: 0xff951329, L:/127.0.0.1:58522 - R:localhost/127.0.0.1:28047]
20:26:57.892 [Forwarding getAlertText on session a409c7c10b080fdf0c38ae745d504916 to remote] DEBUG org.asynchttpclient.netty.request.NettyRequestSender - Using pooled Channel '[id: 0xff951329, L:/127.0.0.1:58522 - R:localhost/127.0.0.1:28047]' for 'GET' to 'http://localhost:28047/session/a409c7c10b080fdf0c38ae745d504916/alert/text'
20:26:57.892 [Forwarding getAlertText on session a409c7c10b080fdf0c38ae745d504916 to remote] DEBUG org.asynchttpclient.netty.request.NettyRequestSender - Using open Channel [id: 0xff951329, L:/127.0.0.1:58522 - R:localhost/127.0.0.1:28047] for GET '/session/a409c7c10b080fdf0c38ae745d504916/alert/text'
20:26:57.898 [AsyncHttpClient-1-2] DEBUG org.asynchttpclient.netty.handler.HttpHandler - 

Request DefaultFullHttpRequest(decodeResult: success, version: HTTP/1.1, content: EmptyByteBufBE)
GET /session/a409c7c10b080fdf0c38ae745d504916/alert/text HTTP/1.1
User-Agent: selenium/4.8.1 (java windows)
Cache-Control: no-cache
Content-Type: application/json; charset=utf-8
host: localhost:28047
accept: */*

Response DefaultHttpResponse(decodeResult: success, version: HTTP/1.1)
HTTP/1.1 404 Not Found
Content-Length: 816
Content-Type: application/json; charset=utf-8
cache-control: no-cache

20:26:57.899 [AsyncHttpClient-1-2] DEBUG org.asynchttpclient.netty.channel.ChannelManager - Adding key: http://localhost:28047 for channel [id: 0xff951329, L:/127.0.0.1:58522 - R:localhost/127.0.0.1:28047]
20:26:57.901 [Forwarding getCurrentUrl on session a409c7c10b080fdf0c38ae745d504916 to remote] DEBUG org.asynchttpclient.netty.request.NettyRequestSender - Using pooled Channel '[id: 0xff951329, L:/127.0.0.1:58522 - R:localhost/127.0.0.1:28047]' for 'GET' to 'http://localhost:28047/session/a409c7c10b080fdf0c38ae745d504916/url'
20:26:57.901 [Forwarding getCurrentUrl on session a409c7c10b080fdf0c38ae745d504916 to remote] DEBUG org.asynchttpclient.netty.request.NettyRequestSender - Using open Channel [id: 0xff951329, L:/127.0.0.1:58522 - R:localhost/127.0.0.1:28047] for GET '/session/a409c7c10b080fdf0c38ae745d504916/url'
20:26:57.904 [AsyncHttpClient-1-2] DEBUG org.asynchttpclient.netty.handler.HttpHandler - 

Request DefaultFullHttpRequest(decodeResult: success, version: HTTP/1.1, content: EmptyByteBufBE)
GET /session/a409c7c10b080fdf0c38ae745d504916/url HTTP/1.1
User-Agent: selenium/4.8.1 (java windows)
Cache-Control: no-cache
Content-Type: application/json; charset=utf-8
host: localhost:28047
accept: */*

Response DefaultHttpResponse(decodeResult: success, version: HTTP/1.1)
HTTP/1.1 200 OK
Content-Length: 53
Content-Type: application/json; charset=utf-8
cache-control: no-cache

20:26:57.905 [AsyncHttpClient-1-2] DEBUG org.asynchttpclient.netty.channel.ChannelManager - Adding key: http://localhost:28047 for channel [id: 0xff951329, L:/127.0.0.1:58522 - R:localhost/127.0.0.1:28047]
20:26:57.906 [Forwarding screenshot on session a409c7c10b080fdf0c38ae745d504916 to remote] DEBUG org.asynchttpclient.netty.request.NettyRequestSender - Using pooled Channel '[id: 0xff951329, L:/127.0.0.1:58522 - R:localhost/127.0.0.1:28047]' for 'GET' to 'http://localhost:28047/session/a409c7c10b080fdf0c38ae745d504916/screenshot'
20:26:57.906 [Forwarding screenshot on session a409c7c10b080fdf0c38ae745d504916 to remote] DEBUG org.asynchttpclient.netty.request.NettyRequestSender - Using open Channel [id: 0xff951329, L:/127.0.0.1:58522 - R:localhost/127.0.0.1:28047] for GET '/session/a409c7c10b080fdf0c38ae745d504916/screenshot'
20:26:58.070 [AsyncHttpClient-1-2] DEBUG org.asynchttpclient.netty.handler.HttpHandler - 

Request DefaultFullHttpRequest(decodeResult: success, version: HTTP/1.1, content: EmptyByteBufBE)
GET /session/a409c7c10b080fdf0c38ae745d504916/screenshot HTTP/1.1
User-Agent: selenium/4.8.1 (java windows)
Cache-Control: no-cache
Content-Type: application/json; charset=utf-8
host: localhost:28047
accept: */*

Response DefaultHttpResponse(decodeResult: success, version: HTTP/1.1)
HTTP/1.1 200 OK
Content-Length: 300708
Content-Type: application/json; charset=utf-8
cache-control: no-cache

20:26:58.072 [AsyncHttpClient-1-2] DEBUG org.asynchttpclient.netty.channel.ChannelManager - Adding key: http://localhost:28047 for channel [id: 0xff951329, L:/127.0.0.1:58522 - R:localhost/127.0.0.1:28047]
20:26:58.081 [main] DEBUG net.serenitybdd.core.photography.Darkroom - Send negative for processing for target\site\serenity\6fe579a9cfdd7ead0d0d137f0821d8218f8f73240cbed7dc37b4d608d84c1ded.png
20:26:58.081 [Darkroom Processing Line] DEBUG net.serenitybdd.core.photography.DarkroomProcessingLine - Processing screenshot image in /var/screenshots/screenshot-15213247851531981378
20:26:58.081 [Darkroom Processing Line] DEBUG net.serenitybdd.core.photography.DarkroomProcessingLine - Saving screenshot to target\site\serenity\6fe579a9cfdd7ead0d0d137f0821d8218f8f73240cbed7dc37b4d608d84c1ded.png
20:26:58.081 [main] DEBUG net.thucydides.core.steps.StepInterceptor - STEP DONE: checkTitleWording
  &amp#27;[32mThen &amp#27;[0m&amp#27;[32mI will be directed to the correct &amp#27;[0m&amp#27;[32m&amp#27;[1m"Pulsa"&amp#27;[0m&amp#27;[32m product page&amp#27;[0m        &amp#27;[90m# starter.stepDefinitions.ProductSteps.i_will_be_directed_to_the_correct_product_page(java.lang.String)&amp#27;[0m
20:26:58.094 [Forwarding getPageSource on session a409c7c10b080fdf0c38ae745d504916 to remote] DEBUG org.asynchttpclient.netty.request.NettyRequestSender - Using pooled Channel '[id: 0xff951329, L:/127.0.0.1:58522 - R:localhost/127.0.0.1:28047]' for 'POST' to 'http://localhost:28047/session/a409c7c10b080fdf0c38ae745d504916/execute/sync'
20:26:58.094 [Forwarding getPageSource on session a409c7c10b080fdf0c38ae745d504916 to remote] DEBUG org.asynchttpclient.netty.request.NettyRequestSender - Using open Channel [id: 0xff951329, L:/127.0.0.1:58522 - R:localhost/127.0.0.1:28047] for POST '/session/a409c7c10b080fdf0c38ae745d504916/execute/sync'
20:26:58.108 [AsyncHttpClient-1-2] DEBUG org.asynchttpclient.netty.handler.HttpHandler - 

Request DefaultHttpRequest(decodeResult: success, version: HTTP/1.1)
POST /session/a409c7c10b080fdf0c38ae745d504916/execute/sync HTTP/1.1
User-Agent: selenium/4.8.1 (java windows)
Content-Length: 176
Content-Type: application/json; charset=utf-8
host: localhost:28047
accept: */*

Response DefaultHttpResponse(decodeResult: success, version: HTTP/1.1)
HTTP/1.1 200 OK
Content-Length: 210881
Content-Type: application/json; charset=utf-8
cache-control: no-cache

20:26:58.109 [AsyncHttpClient-1-2] DEBUG org.asynchttpclient.netty.channel.ChannelManager - Adding key: http://localhost:28047 for channel [id: 0xff951329, L:/127.0.0.1:58522 - R:localhost/127.0.0.1:28047]
20:26:58.120 [Forwarding getCurrentUrl on session a409c7c10b080fdf0c38ae745d504916 to remote] DEBUG org.asynchttpclient.netty.request.NettyRequestSender - Using pooled Channel '[id: 0xff951329, L:/127.0.0.1:58522 - R:localhost/127.0.0.1:28047]' for 'GET' to 'http://localhost:28047/session/a409c7c10b080fdf0c38ae745d504916/url'
20:26:58.120 [Forwarding getCurrentUrl on session a409c7c10b080fdf0c38ae745d504916 to remote] DEBUG org.asynchttpclient.netty.request.NettyRequestSender - Using open Channel [id: 0xff951329, L:/127.0.0.1:58522 - R:localhost/127.0.0.1:28047] for GET '/session/a409c7c10b080fdf0c38ae745d504916/url'
20:26:58.123 [AsyncHttpClient-1-2] DEBUG org.asynchttpclient.netty.handler.HttpHandler - 

Request DefaultFullHttpRequest(decodeResult: success, version: HTTP/1.1, content: EmptyByteBufBE)
GET /session/a409c7c10b080fdf0c38ae745d504916/url HTTP/1.1
User-Agent: selenium/4.8.1 (java windows)
Cache-Control: no-cache
Content-Type: application/json; charset=utf-8
host: localhost:28047
accept: */*

Response DefaultHttpResponse(decodeResult: success, version: HTTP/1.1)
HTTP/1.1 200 OK
Content-Length: 53
Content-Type: application/json; charset=utf-8
cache-control: no-cache

20:26:58.124 [AsyncHttpClient-1-2] DEBUG org.asynchttpclient.netty.channel.ChannelManager - Adding key: http://localhost:28047 for channel [id: 0xff951329, L:/127.0.0.1:58522 - R:localhost/127.0.0.1:28047]
20:26:58.157 [AsyncHttpClient-1-1] DEBUG org.asynchttpclient.netty.channel.DefaultChannelPool - Entry count for : http://localhost:58524 : 1
20:26:58.158 [AsyncHttpClient-1-1] DEBUG org.asynchttpclient.netty.channel.DefaultChannelPool - Entry count for : http://localhost:28047 : 1
20:26:58.306 [Forwarding getAlertText on session a409c7c10b080fdf0c38ae745d504916 to remote] DEBUG org.asynchttpclient.netty.request.NettyRequestSender - Using pooled Channel '[id: 0xff951329, L:/127.0.0.1:58522 - R:localhost/127.0.0.1:28047]' for 'GET' to 'http://localhost:28047/session/a409c7c10b080fdf0c38ae745d504916/alert/text'
20:26:58.306 [Forwarding getAlertText on session a409c7c10b080fdf0c38ae745d504916 to remote] DEBUG org.asynchttpclient.netty.request.NettyRequestSender - Using open Channel [id: 0xff951329, L:/127.0.0.1:58522 - R:localhost/127.0.0.1:28047] for GET '/session/a409c7c10b080fdf0c38ae745d504916/alert/text'
20:26:58.308 [AsyncHttpClient-1-2] DEBUG org.asynchttpclient.netty.handler.HttpHandler - 

Request DefaultFullHttpRequest(decodeResult: success, version: HTTP/1.1, content: EmptyByteBufBE)
GET /session/a409c7c10b080fdf0c38ae745d504916/alert/text HTTP/1.1
User-Agent: selenium/4.8.1 (java windows)
Cache-Control: no-cache
Content-Type: application/json; charset=utf-8
host: localhost:28047
accept: */*

Response DefaultHttpResponse(decodeResult: success, version: HTTP/1.1)
HTTP/1.1 404 Not Found
Content-Length: 816
Content-Type: application/json; charset=utf-8
cache-control: no-cache

20:26:58.308 [AsyncHttpClient-1-2] DEBUG org.asynchttpclient.netty.channel.ChannelManager - Adding key: http://localhost:28047 for channel [id: 0xff951329, L:/127.0.0.1:58522 - R:localhost/127.0.0.1:28047]
20:26:58.309 [Forwarding getCurrentUrl on session a409c7c10b080fdf0c38ae745d504916 to remote] DEBUG org.asynchttpclient.netty.request.NettyRequestSender - Using pooled Channel '[id: 0xff951329, L:/127.0.0.1:58522 - R:localhost/127.0.0.1:28047]' for 'GET' to 'http://localhost:28047/session/a409c7c10b080fdf0c38ae745d504916/url'
20:26:58.310 [Forwarding getCurrentUrl on session a409c7c10b080fdf0c38ae745d504916 to remote] DEBUG org.asynchttpclient.netty.request.NettyRequestSender - Using open Channel [id: 0xff951329, L:/127.0.0.1:58522 - R:localhost/127.0.0.1:28047] for GET '/session/a409c7c10b080fdf0c38ae745d504916/url'
20:26:58.313 [AsyncHttpClient-1-2] DEBUG org.asynchttpclient.netty.handler.HttpHandler - 

Request DefaultFullHttpRequest(decodeResult: success, version: HTTP/1.1, content: EmptyByteBufBE)
GET /session/a409c7c10b080fdf0c38ae745d504916/url HTTP/1.1
User-Agent: selenium/4.8.1 (java windows)
Cache-Control: no-cache
Content-Type: application/json; charset=utf-8
host: localhost:28047
accept: */*

Response DefaultHttpResponse(decodeResult: success, version: HTTP/1.1)
HTTP/1.1 200 OK
Content-Length: 53
Content-Type: application/json; charset=utf-8
cache-control: no-cache

20:26:58.314 [AsyncHttpClient-1-2] DEBUG org.asynchttpclient.netty.channel.ChannelManager - Adding key: http://localhost:28047 for channel [id: 0xff951329, L:/127.0.0.1:58522 - R:localhost/127.0.0.1:28047]
20:26:58.315 [Forwarding screenshot on session a409c7c10b080fdf0c38ae745d504916 to remote] DEBUG org.asynchttpclient.netty.request.NettyRequestSender - Using pooled Channel '[id: 0xff951329, L:/127.0.0.1:58522 - R:localhost/127.0.0.1:28047]' for 'GET' to 'http://localhost:28047/session/a409c7c10b080fdf0c38ae745d504916/screenshot'
20:26:58.315 [Forwarding screenshot on session a409c7c10b080fdf0c38ae745d504916 to remote] DEBUG org.asynchttpclient.netty.request.NettyRequestSender - Using open Channel [id: 0xff951329, L:/127.0.0.1:58522 - R:localhost/127.0.0.1:28047] for GET '/session/a409c7c10b080fdf0c38ae745d504916/screenshot'
20:26:58.435 [AsyncHttpClient-1-2] DEBUG org.asynchttpclient.netty.handler.HttpHandler - 

Request DefaultFullHttpRequest(decodeResult: success, version: HTTP/1.1, content: EmptyByteBufBE)
GET /session/a409c7c10b080fdf0c38ae745d504916/screenshot HTTP/1.1
User-Agent: selenium/4.8.1 (java windows)
Cache-Control: no-cache
Content-Type: application/json; charset=utf-8
host: localhost:28047
accept: */*

Response DefaultHttpResponse(decodeResult: success, version: HTTP/1.1)
HTTP/1.1 200 OK
Content-Length: 300708
Content-Type: application/json; charset=utf-8
cache-control: no-cache

20:26:58.436 [AsyncHttpClient-1-2] DEBUG org.asynchttpclient.netty.channel.ChannelManager - Adding key: http://localhost:28047 for channel [id: 0xff951329, L:/127.0.0.1:58522 - R:localhost/127.0.0.1:28047]
20:26:58.442 [main] DEBUG net.serenitybdd.core.photography.Darkroom - Send negative for processing for target\site\serenity\6fe579a9cfdd7ead0d0d137f0821d8218f8f73240cbed7dc37b4d608d84c1ded.png
[...]
20:27:05.945 [Forwarding getPageSource on session a409c7c10b080fdf0c38ae745d504916 to remote] DEBUG org.asynchttpclient.netty.request.NettyRequestSender - Using open Channel [id: 0xff951329, L:/127.0.0.1:58522 - R:localhost/127.0.0.1:28047] for POST '/session/a409c7c10b080fdf0c38ae745d504916/execute/sync'
20:27:05.956 [AsyncHttpClient-1-2] DEBUG org.asynchttpclient.netty.handler.HttpHandler - 

Request DefaultHttpRequest(decodeResult: success, version: HTTP/1.1)
POST /session/a409c7c10b080fdf0c38ae745d504916/execute/sync HTTP/1.1
User-Agent: selenium/4.8.1 (java windows)
Content-Length: 176
Content-Type: application/json; charset=utf-8
host: localhost:28047
accept: */*

Response DefaultHttpResponse(decodeResult: success, version: HTTP/1.1)
HTTP/1.1 200 OK
Content-Length: 103801
Content-Type: application/json; charset=utf-8
cache-control: no-cache

20:27:05.958 [AsyncHttpClient-1-2] DEBUG org.asynchttpclient.netty.channel.ChannelManager - Adding key: http://localhost:28047 for channel [id: 0xff951329, L:/127.0.0.1:58522 - R:localhost/127.0.0.1:28047]
20:27:05.966 [Forwarding getCurrentUrl on session a409c7c10b080fdf0c38ae745d504916 to remote] DEBUG org.asynchttpclient.netty.request.NettyRequestSender - Using pooled Channel '[id: 0xff951329, L:/127.0.0.1:58522 - R:localhost/127.0.0.1:28047]' for 'GET' to 'http://localhost:28047/session/a409c7c10b080fdf0c38ae745d504916/url'
20:27:05.966 [Forwarding getCurrentUrl on session a409c7c10b080fdf0c38ae745d504916 to remote] DEBUG org.asynchttpclient.netty.request.NettyRequestSender - Using open Channel [id: 0xff951329, L:/127.0.0.1:58522 - R:localhost/127.0.0.1:28047] for GET '/session/a409c7c10b080fdf0c38ae745d504916/url'
20:27:05.970 [AsyncHttpClient-1-2] DEBUG org.asynchttpclient.netty.handler.HttpHandler - 

Request DefaultFullHttpRequest(decodeResult: success, version: HTTP/1.1, content: EmptyByteBufBE)
GET /session/a409c7c10b080fdf0c38ae745d504916/url HTTP/1.1
User-Agent: selenium/4.8.1 (java windows)
Cache-Control: no-cache
Content-Type: application/json; charset=utf-8
host: localhost:28047
accept: */*

Response DefaultHttpResponse(decodeResult: success, version: HTTP/1.1)
HTTP/1.1 200 OK
Content-Length: 56
Content-Type: application/json; charset=utf-8
cache-control: no-cache

20:27:05.970 [AsyncHttpClient-1-2] DEBUG org.asynchttpclient.netty.channel.ChannelManager - Adding key: http://localhost:28047 for channel [id: 0xff951329, L:/127.0.0.1:58522 - R:localhost/127.0.0.1:28047]
20:27:05.975 [main] DEBUG net.thucydides.core.steps.StepInterceptor - STARTING STEP: OrderSteps.i_will_be_directed_to_finish_transaction_page - checkBackButtonExist
20:27:05.983 [Forwarding findElement on session a409c7c10b080fdf0c38ae745d504916 to remote] DEBUG org.asynchttpclient.netty.request.NettyRequestSender - Using pooled Channel '[id: 0xff951329, L:/127.0.0.1:58522 - R:localhost/127.0.0.1:28047]' for 'POST' to 'http://localhost:28047/session/a409c7c10b080fdf0c38ae745d504916/element'
20:27:05.983 [Forwarding findElement on session a409c7c10b080fdf0c38ae745d504916 to remote] DEBUG org.asynchttpclient.netty.request.NettyRequestSender - Using open Channel [id: 0xff951329, L:/127.0.0.1:58522 - R:localhost/127.0.0.1:28047] for POST '/session/a409c7c10b080fdf0c38ae745d504916/element'
20:27:06.001 [AsyncHttpClient-1-2] DEBUG org.asynchttpclient.netty.handler.HttpHandler - 

Request DefaultHttpRequest(decodeResult: success, version: HTTP/1.1)
POST /session/a409c7c10b080fdf0c38ae745d504916/element HTTP/1.1
User-Agent: selenium/4.8.1 (java windows)
Content-Length: 65
Content-Type: application/json; charset=utf-8
host: localhost:28047
accept: */*

Response DefaultHttpResponse(decodeResult: success, version: HTTP/1.1)
HTTP/1.1 200 OK
Content-Length: 88
Content-Type: application/json; charset=utf-8
cache-control: no-cache

20:27:06.001 [AsyncHttpClient-1-2] DEBUG org.asynchttpclient.netty.channel.ChannelManager - Adding key: http://localhost:28047 for channel [id: 0xff951329, L:/127.0.0.1:58522 - R:localhost/127.0.0.1:28047]
20:27:06.007 [Forwarding isElementDisplayed on session a409c7c10b080fdf0c38ae745d504916 to remote] DEBUG org.asynchttpclient.netty.request.NettyRequestSender - Using pooled Channel '[id: 0xff951329, L:/127.0.0.1:58522 - R:localhost/127.0.0.1:28047]' for 'POST' to 'http://localhost:28047/session/a409c7c10b080fdf0c38ae745d504916/execute/sync'
20:27:06.007 [Forwarding isElementDisplayed on session a409c7c10b080fdf0c38ae745d504916 to remote] DEBUG org.asynchttpclient.netty.request.NettyRequestSender - Using open Channel [id: 0xff951329, L:/127.0.0.1:58522 - R:localhost/127.0.0.1:28047] for POST '/session/a409c7c10b080fdf0c38ae745d504916/execute/sync'
20:27:06.018 [AsyncHttpClient-1-2] DEBUG org.asynchttpclient.netty.handler.HttpHandler - 

Request DefaultHttpRequest(decodeResult: success, version: HTTP/1.1)
POST /session/a409c7c10b080fdf0c38ae745d504916/execute/sync HTTP/1.1
User-Agent: selenium/4.8.1 (java windows)
Content-Length: 48807
Content-Type: application/json; charset=utf-8
host: localhost:28047
accept: */*

Response DefaultHttpResponse(decodeResult: success, version: HTTP/1.1)
HTTP/1.1 200 OK
Content-Length: 14
Content-Type: application/json; charset=utf-8
cache-control: no-cache

20:27:06.018 [AsyncHttpClient-1-2] DEBUG org.asynchttpclient.netty.channel.ChannelManager - Adding key: http://localhost:28047 for channel [id: 0xff951329, L:/127.0.0.1:58522 - R:localhost/127.0.0.1:28047]
20:27:06.029 [Forwarding getAlertText on session a409c7c10b080fdf0c38ae745d504916 to remote] DEBUG org.asynchttpclient.netty.request.NettyRequestSender - Using pooled Channel '[id: 0xff951329, L:/127.0.0.1:58522 - R:localhost/127.0.0.1:28047]' for 'GET' to 'http://localhost:28047/session/a409c7c10b080fdf0c38ae745d504916/alert/text'
20:27:06.029 [Forwarding getAlertText on session a409c7c10b080fdf0c38ae745d504916 to remote] DEBUG org.asynchttpclient.netty.request.NettyRequestSender - Using open Channel [id: 0xff951329, L:/127.0.0.1:58522 - R:localhost/127.0.0.1:28047] for GET '/session/a409c7c10b080fdf0c38ae745d504916/alert/text'
20:27:06.031 [AsyncHttpClient-1-2] DEBUG org.asynchttpclient.netty.handler.HttpHandler - 

Request DefaultFullHttpRequest(decodeResult: success, version: HTTP/1.1, content: EmptyByteBufBE)
GET /session/a409c7c10b080fdf0c38ae745d504916/alert/text HTTP/1.1
User-Agent: selenium/4.8.1 (java windows)
Cache-Control: no-cache
Content-Type: application/json; charset=utf-8
host: localhost:28047
accept: */*

Response DefaultHttpResponse(decodeResult: success, version: HTTP/1.1)
HTTP/1.1 404 Not Found
Content-Length: 816
Content-Type: application/json; charset=utf-8
cache-control: no-cache

20:27:06.031 [AsyncHttpClient-1-2] DEBUG org.asynchttpclient.netty.channel.ChannelManager - Adding key: http://localhost:28047 for channel [id: 0xff951329, L:/127.0.0.1:58522 - R:localhost/127.0.0.1:28047]
20:27:06.035 [Forwarding getCurrentUrl on session a409c7c10b080fdf0c38ae745d504916 to remote] DEBUG org.asynchttpclient.netty.request.NettyRequestSender - Using pooled Channel '[id: 0xff951329, L:/127.0.0.1:58522 - R:localhost/127.0.0.1:28047]' for 'GET' to 'http://localhost:28047/session/a409c7c10b080fdf0c38ae745d504916/url'
20:27:06.035 [Forwarding getCurrentUrl on session a409c7c10b080fdf0c38ae745d504916 to remote] DEBUG org.asynchttpclient.netty.request.NettyRequestSender - Using open Channel [id: 0xff951329, L:/127.0.0.1:58522 - R:localhost/127.0.0.1:28047] for GET '/session/a409c7c10b080fdf0c38ae745d504916/url'
20:27:06.039 [AsyncHttpClient-1-2] DEBUG org.asynchttpclient.netty.handler.HttpHandler - 

Request DefaultFullHttpRequest(decodeResult: success, version: HTTP/1.1, content: EmptyByteBufBE)
GET /session/a409c7c10b080fdf0c38ae745d504916/url HTTP/1.1
User-Agent: selenium/4.8.1 (java windows)
Cache-Control: no-cache
Content-Type: application/json; charset=utf-8
host: localhost:28047
accept: */*

Response DefaultHttpResponse(decodeResult: success, version: HTTP/1.1)
HTTP/1.1 200 OK
Content-Length: 56
Content-Type: application/json; charset=utf-8
cache-control: no-cache

20:27:06.040 [AsyncHttpClient-1-2] DEBUG org.asynchttpclient.netty.channel.ChannelManager - Adding key: http://localhost:28047 for channel [id: 0xff951329, L:/127.0.0.1:58522 - R:localhost/127.0.0.1:28047]
20:27:06.043 [Forwarding screenshot on session a409c7c10b080fdf0c38ae745d504916 to remote] DEBUG org.asynchttpclient.netty.request.NettyRequestSender - Using pooled Channel '[id: 0xff951329, L:/127.0.0.1:58522 - R:localhost/127.0.0.1:28047]' for 'GET' to 'http://localhost:28047/session/a409c7c10b080fdf0c38ae745d504916/screenshot'
20:27:06.043 [Forwarding screenshot on session a409c7c10b080fdf0c38ae745d504916 to remote] DEBUG org.asynchttpclient.netty.request.NettyRequestSender - Using open Channel [id: 0xff951329, L:/127.0.0.1:58522 - R:localhost/127.0.0.1:28047] for GET '/session/a409c7c10b080fdf0c38ae745d504916/screenshot'
20:27:06.209 [AsyncHttpClient-1-2] DEBUG org.asynchttpclient.netty.handler.HttpHandler - 

Request DefaultFullHttpRequest(decodeResult: success, version: HTTP/1.1, content: EmptyByteBufBE)
GET /session/a409c7c10b080fdf0c38ae745d504916/screenshot HTTP/1.1
User-Agent: selenium/4.8.1 (java windows)
Cache-Control: no-cache
Content-Type: application/json; charset=utf-8
host: localhost:28047
accept: */*

Response DefaultHttpResponse(decodeResult: success, version: HTTP/1.1)
HTTP/1.1 200 OK
Content-Length: 185020
Content-Type: application/json; charset=utf-8
cache-control: no-cache

20:27:06.210 [AsyncHttpClient-1-2] DEBUG org.asynchttpclient.netty.channel.ChannelManager - Adding key: http://localhost:28047 for channel [id: 0xff951329, L:/127.0.0.1:58522 - R:localhost/127.0.0.1:28047]
20:27:06.214 [main] DEBUG net.serenitybdd.core.photography.Darkroom - Send negative for processing for target\site\serenity\85446e21ab8d1cab1d8fa851f988a124ea79d354f082c45652aac6dee1624018.png
20:27:06.214 [main] DEBUG net.thucydides.core.steps.StepInterceptor - STEP DONE: checkBackButtonExist
20:27:06.214 [Darkroom Processing Line] DEBUG net.serenitybdd.core.photography.DarkroomProcessingLine - Processing screenshot image in /var/screenshots/screenshot-17331834259532734352
20:27:06.214 [Darkroom Processing Line] DEBUG net.serenitybdd.core.photography.DarkroomProcessingLine - Saving screenshot to target\site\serenity\85446e21ab8d1cab1d8fa851f988a124ea79d354f082c45652aac6dee1624018.png
  &amp#27;[32mThen &amp#27;[0m&amp#27;[32mI will be directed to finish transaction page&amp#27;[0m                 &amp#27;[90m# starter.stepDefinitions.OrderSteps.i_will_be_directed_to_finish_transaction_page()&amp#27;[0m
20:27:06.280 [Driver Command Executor] DEBUG org.asynchttpclient.netty.request.NettyRequestSender - Using pooled Channel '[id: 0xff951329, L:/127.0.0.1:58522 - R:localhost/127.0.0.1:28047]' for 'DELETE' to 'http://localhost:28047/session/a409c7c10b080fdf0c38ae745d504916'
20:27:06.280 [Driver Command Executor] DEBUG org.asynchttpclient.netty.request.NettyRequestSender - Using open Channel [id: 0xff951329, L:/127.0.0.1:58522 - R:localhost/127.0.0.1:28047] for DELETE '/session/a409c7c10b080fdf0c38ae745d504916'
20:27:06.350 [AsyncHttpClient-1-3] DEBUG org.asynchttpclient.netty.handler.HttpHandler - Unexpected I/O exception on channel [id: 0xba5c9247, L:/127.0.0.1:58530 - R:localhost/127.0.0.1:58524]
java.net.SocketException: Connection reset
	at java.base/sun.nio.ch.SocketChannelImpl.throwConnectionReset(SocketChannelImpl.java:401)
	at java.base/sun.nio.ch.SocketChannelImpl.read(SocketChannelImpl.java:434)
	at io.netty.buffer.PooledByteBuf.setBytes(PooledByteBuf.java:259)
	at io.netty.buffer.AbstractByteBuf.writeBytes(AbstractByteBuf.java:1132)
	at io.netty.channel.socket.nio.NioSocketChannel.doReadBytes(NioSocketChannel.java:357)
	at io.netty.channel.nio.AbstractNioByteChannel$NioByteUnsafe.read(AbstractNioByteChannel.java:151)
	at io.netty.channel.nio.NioEventLoop.processSelectedKey(NioEventLoop.java:788)
	at io.netty.channel.nio.NioEventLoop.processSelectedKeysOptimized(NioEventLoop.java:724)
	at io.netty.channel.nio.NioEventLoop.processSelectedKeys(NioEventLoop.java:650)
	at io.netty.channel.nio.NioEventLoop.run(NioEventLoop.java:562)
	at io.netty.util.concurrent.SingleThreadEventExecutor$4.run(SingleThreadEventExecutor.java:997)
	at io.netty.util.internal.ThreadExecutorMap$2.run(ThreadExecutorMap.java:74)
	at io.netty.util.concurrent.FastThreadLocalRunnable.run(FastThreadLocalRunnable.java:30)
	at java.base/java.lang.Thread.run(Thread.java:1589)
20:27:06.350 [AsyncHttpClient-1-4] DEBUG org.asynchttpclient.netty.handler.WebSocketHandler - Unexpected I/O exception on channel [id: 0xfc1a4d81, L:/127.0.0.1:58531 - R:localhost/127.0.0.1:58524]
java.net.SocketException: Connection reset
	at java.base/sun.nio.ch.SocketChannelImpl.throwConnectionReset(SocketChannelImpl.java:401)
	at java.base/sun.nio.ch.SocketChannelImpl.read(SocketChannelImpl.java:434)
	at io.netty.buffer.PooledByteBuf.setBytes(PooledByteBuf.java:259)
	at io.netty.buffer.AbstractByteBuf.writeBytes(AbstractByteBuf.java:1132)
	at io.netty.channel.socket.nio.NioSocketChannel.doReadBytes(NioSocketChannel.java:357)
	at io.netty.channel.nio.AbstractNioByteChannel$NioByteUnsafe.read(AbstractNioByteChannel.java:151)
	at io.netty.channel.nio.NioEventLoop.processSelectedKey(NioEventLoop.java:788)
	at io.netty.channel.nio.NioEventLoop.processSelectedKeysOptimized(NioEventLoop.java:724)
	at io.netty.channel.nio.NioEventLoop.processSelectedKeys(NioEventLoop.java:650)
	at io.netty.channel.nio.NioEventLoop.run(NioEventLoop.java:562)
	at io.netty.util.concurrent.SingleThreadEventExecutor$4.run(SingleThreadEventExecutor.java:997)
	at io.netty.util.internal.ThreadExecutorMap$2.run(ThreadExecutorMap.java:74)
	at io.netty.util.concurrent.FastThreadLocalRunnable.run(FastThreadLocalRunnable.java:30)
	at java.base/java.lang.Thread.run(Thread.java:1589)
20:27:06.350 [AsyncHttpClient-1-3] DEBUG org.asynchttpclient.netty.channel.ChannelManager - Closing Channel [id: 0xba5c9247, L:/127.0.0.1:58530 - R:localhost/127.0.0.1:58524] 
20:27:06.351 [AsyncHttpClient-1-4] DEBUG org.asynchttpclient.netty.handler.WebSocketHandler - Was unable to recover Future: NettyResponseFuture{currentRetry=0,
	isDone=1,
	isCancelled=0,
	asyncHandler=org.asynchttpclient.ws.WebSocketUpgradeHandler@69e5305e,
	nettyRequest=org.asynchttpclient.netty.request.NettyRequest@4a283387,
	future=java.util.concurrent.CompletableFuture@2eefb089[Completed normally],
	uri=ws://localhost:58524/devtools/browser/83b2d5cb-e3d9-4239-af44-a706d639314e,
	keepAlive=true,
	redirectCount=0,
	timeoutsHolder=null,
	inAuth=0,
	touch=1680614826350}
20:27:06.351 [AsyncHttpClient-1-4] DEBUG org.asynchttpclient.netty.channel.ChannelManager - Closing Channel [id: 0xfc1a4d81, L:/127.0.0.1:58531 - R:localhost/127.0.0.1:58524] 
20:27:06.351 [AsyncHttpClient-1-4] WARN org.asynchttpclient.netty.handler.WebSocketHandler - onError
java.net.SocketException: Connection reset
	at java.base/sun.nio.ch.SocketChannelImpl.throwConnectionReset(SocketChannelImpl.java:401)
	at java.base/sun.nio.ch.SocketChannelImpl.read(SocketChannelImpl.java:434)
	at io.netty.buffer.PooledByteBuf.setBytes(PooledByteBuf.java:259)
	at io.netty.buffer.AbstractByteBuf.writeBytes(AbstractByteBuf.java:1132)
	at io.netty.channel.socket.nio.NioSocketChannel.doReadBytes(NioSocketChannel.java:357)
	at io.netty.channel.nio.AbstractNioByteChannel$NioByteUnsafe.read(AbstractNioByteChannel.java:151)
	at io.netty.channel.nio.NioEventLoop.processSelectedKey(NioEventLoop.java:788)
	at io.netty.channel.nio.NioEventLoop.processSelectedKeysOptimized(NioEventLoop.java:724)
	at io.netty.channel.nio.NioEventLoop.processSelectedKeys(NioEventLoop.java:650)
	at io.netty.channel.nio.NioEventLoop.run(NioEventLoop.java:562)
	at io.netty.util.concurrent.SingleThreadEventExecutor$4.run(SingleThreadEventExecutor.java:997)
	at io.netty.util.internal.ThreadExecutorMap$2.run(ThreadExecutorMap.java:74)
	at io.netty.util.concurrent.FastThreadLocalRunnable.run(FastThreadLocalRunnable.java:30)
	at java.base/java.lang.Thread.run(Thread.java:1589)
20:27:06.352 [AsyncHttpClient-1-3] DEBUG org.asynchttpclient.netty.handler.HttpHandler - Channel Closed: [id: 0xba5c9247, L:/127.0.0.1:58530 ! R:localhost/127.0.0.1:58524] with attribute DISCARD
20:27:06.353 [AsyncHttpClient-1-4] DEBUG org.asynchttpclient.netty.channel.ChannelManager - Closing Channel [id: 0xfc1a4d81, L:/127.0.0.1:58531 ! R:localhost/127.0.0.1:58524] 
20:27:06.353 [AsyncHttpClient-1-4] DEBUG org.asynchttpclient.netty.handler.WebSocketHandler - Channel Closed: [id: 0xfc1a4d81, L:/127.0.0.1:58531 ! R:localhost/127.0.0.1:58524] with attribute DISCARD
20:27:06.391 [AsyncHttpClient-1-2] DEBUG org.asynchttpclient.netty.handler.HttpHandler - 

Request DefaultFullHttpRequest(decodeResult: success, version: HTTP/1.1, content: EmptyByteBufBE)
DELETE /session/a409c7c10b080fdf0c38ae745d504916 HTTP/1.1
User-Agent: selenium/4.8.1 (java windows)
Content-Type: application/json; charset=utf-8
host: localhost:28047
accept: */*

Response DefaultHttpResponse(decodeResult: success, version: HTTP/1.1)
HTTP/1.1 200 OK
Content-Length: 14
Content-Type: application/json; charset=utf-8
cache-control: no-cache

20:27:06.391 [AsyncHttpClient-1-2] DEBUG org.asynchttpclient.netty.channel.ChannelManager - Adding key: http://localhost:28047 for channel [id: 0xff951329, L:/127.0.0.1:58522 - R:localhost/127.0.0.1:28047]
20:27:06.469 [AsyncHttpClient-1-2] DEBUG org.asynchttpclient.netty.handler.HttpHandler - Channel Closed: [id: 0xff951329, L:/127.0.0.1:58522 ! R:localhost/127.0.0.1:28047] with attribute DISCARD
20:27:06.531 [main] INFO  - 
  _____   ___   ___   _____     ___     _     ___   ___   ___   ___  
 |_   _| | __| / __| |_   _|   | _ \   /_\   / __| / __| | __| |   \ 
   | |   | _|  \__ \   | |     |  _/  / _ \  \__ \ \__ \ | _|  | |) |
   |_|   |___| |___/   |_|     |_|   /_/ \_\ |___/ |___/ |___| |___/ 

As a user i want to be able to order pulsa product
----------------------------------------------------------------------
]]></system-out>
    <system-err><![CDATA[Starting ChromeDriver 111.0.5563.64 (c710e93d5b63b7095afe8c2c17df34408078439d-refs/branch-heads/5563@{#995}) on port 28047
Only local connections are allowed.
Please see https://chromedriver.chromium.org/security-considerations for suggestions on keeping ChromeDriver safe.
ChromeDriver was started successfully.
Apr 04, 2023 8:26:51 PM org.openqa.selenium.devtools.CdpVersionFinder findNearestMatch
WARNING: Unable to find an exact match for CDP version 111, so returning the closest version found: 110
Apr 04, 2023 8:27:06 PM org.openqa.selenium.remote.http.WebSocket$Listener onError
WARNING: Connection reset
java.net.SocketException: Connection reset
	at java.base/sun.nio.ch.SocketChannelImpl.throwConnectionReset(SocketChannelImpl.java:401)
	at java.base/sun.nio.ch.SocketChannelImpl.read(SocketChannelImpl.java:434)
	at io.netty.buffer.PooledByteBuf.setBytes(PooledByteBuf.java:259)
	at io.netty.buffer.AbstractByteBuf.writeBytes(AbstractByteBuf.java:1132)
	at io.netty.channel.socket.nio.NioSocketChannel.doReadBytes(NioSocketChannel.java:357)
	at io.netty.channel.nio.AbstractNioByteChannel$NioByteUnsafe.read(AbstractNioByteChannel.java:151)
	at io.netty.channel.nio.NioEventLoop.processSelectedKey(NioEventLoop.java:788)
	at io.netty.channel.nio.NioEventLoop.processSelectedKeysOptimized(NioEventLoop.java:724)
	at io.netty.channel.nio.NioEventLoop.processSelectedKeys(NioEventLoop.java:650)
	at io.netty.channel.nio.NioEventLoop.run(NioEventLoop.java:562)
	at io.netty.util.concurrent.SingleThreadEventExecutor$4.run(SingleThreadEventExecutor.java:997)
	at io.netty.util.internal.ThreadExecutorMap$2.run(ThreadExecutorMap.java:74)
	at io.netty.util.concurrent.FastThreadLocalRunnable.run(FastThreadLocalRunnable.java:30)
	at java.base/java.lang.Thread.run(Thread.java:1589)

]]></system-err>
  </testcase>
</testsuite>